Partial Empirical Reward Distribution: {2.5e-05: 1.0}
Agent checkpoint saved at iteration 0 in 5.
Model checkpoint saved at iteration 0 in 5.
Partial Empirical Reward Distribution: {2.5e-05: 0.9702970297029703, 1: 0.027227722772277228, 32: 0.0024752475247524753}
Partial Empirical Reward Distribution: {2.5e-05: 0.9732587064676617, 1: 0.025497512437810944, 32: 0.0012437810945273632}
Partial Empirical Reward Distribution: {2.5e-05: 0.9763289036544851, 1: 0.022840531561461794, 32: 0.0008305647840531562}
Partial Empirical Reward Distribution: {2.5e-05: 0.9482543640897756, 1: 0.049251870324189526, 32: 0.0024937655860349127}
Partial Empirical Reward Distribution: {2.5e-05: 0.9258982035928144, 1: 0.07060878243512975, 32: 0.003243512974051896, 243: 0.000249500998003992}
Partial Empirical Reward Distribution: {2.5e-05: 0.9203410981697171, 1: 0.07341930116472546, 32: 0.005199667221297837, 243: 0.0010399334442595673}
Partial Empirical Reward Distribution: {2.5e-05: 0.9258202567760342, 1: 0.06793865905848788, 32: 0.005171184022824536, 243: 0.0010699001426533524}
Partial Empirical Reward Distribution: {2.5e-05: 0.9279026217228464, 1: 0.06632334581772784, 32: 0.0046816479400749065, 243: 0.0010923845193508116}
Partial Empirical Reward Distribution: {2.5e-05: 0.9345172031076582, 1: 0.06007214206437292, 32: 0.004439511653718091, 243: 0.0009711431742508325}
Partial Empirical Reward Distribution: {2.5e-05: 0.9305694305694305, 1: 0.06256243756243757, 32: 0.005869130869130869, 243: 0.000999000999000999}
Agent checkpoint saved at iteration 1000 in 5.
Model checkpoint saved at iteration 1000 in 5.
Partial Empirical Reward Distribution: {2.5e-05: 0.9297229791099001, 1: 0.0632379654859219, 32: 0.006130790190735695, 243: 0.0009082652134423251}
Partial Empirical Reward Distribution: {2.5e-05: 0.9350541215653622, 1: 0.05849292256452956, 32: 0.005620316402997502, 243: 0.0008326394671107411}
Partial Empirical Reward Distribution: {2.5e-05: 0.9400461183704842, 1: 0.05399692544196772, 32: 0.005188316679477325, 243: 0.0007686395080707148}
Partial Empirical Reward Distribution: {2.5e-05: 0.943344039971449, 1: 0.051124197002141325, 32: 0.004817987152034261, 243: 0.0007137758743754461}
Partial Empirical Reward Distribution: {2.5e-05: 0.9458694203864091, 1: 0.04888407728181213, 32: 0.004580279813457695, 243: 0.0006662225183211193}
Partial Empirical Reward Distribution: {2.5e-05: 0.9491723922548407, 1: 0.04590880699562773, 32: 0.0042941911305434104, 243: 0.0006246096189881324}
Partial Empirical Reward Distribution: {2.5e-05: 0.951058201058201, 1: 0.044238683127572016, 32: 0.00411522633744856, 243: 0.0005878894767783657}
Partial Empirical Reward Distribution: {2.5e-05: 0.9529428095502499, 1: 0.0424764019988895, 32: 0.004025541365907829, 243: 0.000555247084952804}
Partial Empirical Reward Distribution: {2.5e-05: 0.9545633876906892, 1: 0.041096791162546026, 32: 0.0038137822198842713, 243: 0.0005260389268805891}
Partial Empirical Reward Distribution: {2.5e-05: 0.9554597701149425, 1: 0.040292353823088455, 32: 0.0037481259370314842, 243: 0.0004997501249375312}
Agent checkpoint saved at iteration 2000 in 5.
Model checkpoint saved at iteration 2000 in 5.
Partial Empirical Reward Distribution: {2.5e-05: 0.9575797239409805, 1: 0.038374583531651595, 32: 0.003569728700618753, 243: 0.00047596382674916705}
Partial Empirical Reward Distribution: {2.5e-05: 0.9595070422535211, 1: 0.03663107678328033, 32: 0.0034075420263516582, 243: 0.00045433893684688776}
Partial Empirical Reward Distribution: {2.5e-05: 0.9612668405041287, 1: 0.03503911342894394, 32: 0.003259452411994785, 243: 0.000434593654932638}
Partial Empirical Reward Distribution: {2.5e-05: 0.9628800499791753, 1: 0.03357975843398584, 32: 0.003123698458975427, 243: 0.00041649312786339027}
Partial Empirical Reward Distribution: {2.5e-05: 0.9642143142742903, 1: 0.03228708516593363, 32: 0.0030987604958016795, 243: 0.00039984006397441024}
Partial Empirical Reward Distribution: {2.5e-05: 0.9655420991926182, 1: 0.031093810073048827, 32: 0.0029796232218377546, 243: 0.00038446751249519417}
Partial Empirical Reward Distribution: {2.5e-05: 0.9657534246575342, 1: 0.03096075527582377, 32: 0.002915586819696409, 243: 0.00037023324694557573}
Partial Empirical Reward Distribution: {2.5e-05: 0.9659942877543735, 1: 0.030747947161727955, 32: 0.002900749732238486, 243: 0.0003570153516601214}
Partial Empirical Reward Distribution: {2.5e-05: 0.9671664943123061, 1: 0.029688038607376767, 32: 0.0028007583591864874, 243: 0.0003447087211306446}
Partial Empirical Reward Distribution: {2.5e-05: 0.9682605798067311, 1: 0.028698767077640786, 32: 0.0027074308563812062, 243: 0.0003332222592469177}
Agent checkpoint saved at iteration 3000 in 5.
Model checkpoint saved at iteration 3000 in 5.
Partial Empirical Reward Distribution: {2.5e-05: 0.969284101902612, 1: 0.027773298935827154, 32: 0.0026201225411157693, 243: 0.0003224766204450177}
Partial Empirical Reward Distribution: {2.5e-05: 0.9702436738519212, 1: 0.02690565448297407, 32: 0.0025382692908466104, 243: 0.00031240237425804435}
Partial Empirical Reward Distribution: {2.5e-05: 0.9711451075431687, 1: 0.026090578612541653, 32: 0.0024613753408058163, 243: 0.0003029385034837928}
Partial Empirical Reward Distribution: {2.5e-05: 0.9718097618347545, 1: 0.025470449867685974, 32: 0.002425757130255807, 243: 0.00029403116730373417}
Partial Empirical Reward Distribution: {2.5e-05: 0.9726149671522423, 1: 0.02474293059125964, 32: 0.002356469580119966, 243: 0.00028563267637817766}
Partial Empirical Reward Distribution: {2.5e-05: 0.9730630380449875, 1: 0.024333518467092474, 32: 0.0023257428492085533, 243: 0.00027770063871146905}
Partial Empirical Reward Distribution: {2.5e-05: 0.9737908673331532, 1: 0.023676033504458256, 32: 0.0022629019184004324, 243: 0.0002701972439881113}
Partial Empirical Reward Distribution: {2.5e-05: 0.9743488555643252, 1: 0.023184688239936857, 32: 0.0022033675348592475, 243: 0.00026308866087871614}
Partial Empirical Reward Distribution: {2.5e-05: 0.9750064086131761, 1: 0.022590361445783132, 32: 0.0021468854139964112, 243: 0.0002563445270443476}
Partial Empirical Reward Distribution: {2.5e-05: 0.9756310922269432, 1: 0.022025743564108972, 32: 0.0020932266933266683, 243: 0.00024993751562109475}
Agent checkpoint saved at iteration 4000 in 5.
Model checkpoint saved at iteration 4000 in 5.
Partial Empirical Reward Distribution: {2.5e-05: 0.9762253108997806, 1: 0.021488661302121435, 32: 0.002042184832967569, 243: 0.000243842965130456}
Partial Empirical Reward Distribution: {2.5e-05: 0.976612711259224, 1: 0.021155677219709592, 32: 0.001993572958819329, 243: 0.00023803856224708403}
Partial Empirical Reward Distribution: {2.5e-05: 0.9770983492211114, 1: 0.02072192513368984, 32: 0.0019472215763775866, 243: 0.00023250406882120437}
Partial Empirical Reward Distribution: {2.5e-05: 0.977618723017496, 1: 0.020251079300159056, 32: 0.00190297659622813, 243: 0.00022722108611679165}
Partial Empirical Reward Distribution: {2.5e-05: 0.9779215729837814, 1: 0.01996778493668074, 32: 0.0018884692290602088, 243: 0.00022217285047767163}
Partial Empirical Reward Distribution: {2.5e-05: 0.9781840904151271, 1: 0.01975114105629211, 32: 0.001847424472940665, 243: 0.00021734405564007825}
Partial Empirical Reward Distribution: {2.5e-05: 0.9782758987449479, 1: 0.019703254626675177, 32: 0.0018081259306530525, 243: 0.00021272069772388852}
Partial Empirical Reward Distribution: {2.5e-05: 0.9784940637367215, 1: 0.019501145594667778, 32: 0.0017965007290147886, 243: 0.00020828993959591752}
Partial Empirical Reward Distribution: {2.5e-05: 0.9789328708426852, 1: 0.01910324423587023, 32: 0.0017598449296062028, 243: 0.00020403999183840033}
Partial Empirical Reward Distribution: {2.5e-05: 0.9793541291741652, 1: 0.01872125574885023, 32: 0.0017246550689862027, 243: 0.0001999600079984003}
Agent checkpoint saved at iteration 5000 in 5.
Model checkpoint saved at iteration 5000 in 5.
Partial Empirical Reward Distribution: {2.5e-05: 0.9790727308370908, 1: 0.01896686924132523, 32: 0.0017643599294256027, 243: 0.00019603999215840032}
Partial Empirical Reward Distribution: {2.5e-05: 0.9794510671024803, 1: 0.018626225725821958, 32: 0.0017304364545279755, 243: 0.00019227071716977504}
Partial Empirical Reward Distribution: {2.5e-05: 0.9798387096774194, 1: 0.01827485380116959, 32: 0.001697792869269949, 243: 0.00018864365214110544}
Partial Empirical Reward Distribution: {2.5e-05: 0.9802119977781892, 1: 0.017936493241992223, 32: 0.0016663580818366969, 243: 0.00018515089798185522}
Partial Empirical Reward Distribution: {2.5e-05: 0.9805717142337756, 1: 0.017610434466460642, 32: 0.0016360661697873114, 243: 0.00018178512997636792}
Partial Empirical Reward Distribution: {2.5e-05: 0.9809185859667916, 1: 0.017296018568112838, 32: 0.0016068559185859668, 243: 0.00017853954650955185}
Partial Empirical Reward Distribution: {2.5e-05: 0.9812094369408876, 1: 0.017036484827223294, 32: 0.001578670408700228, 243: 0.00017540782318891423}
