Partial Empirical Reward Distribution: {2.5e-08: 1.0}
Agent checkpoint saved at iteration 0 in 5.
Model checkpoint saved at iteration 0 in 5.
Partial Empirical Reward Distribution: {2.5e-08: 0.8960396039603961, 2.5600000000000013e-06: 0.07178217821782178, 0.0006553600000000003: 0.024752475247524754, 0.016796159999999994: 0.007425742574257425}
Partial Empirical Reward Distribution: {2.5e-08: 0.8917910447761194, 2.5600000000000013e-06: 0.08519900497512438, 0.0006553600000000003: 0.017412935323383085, 0.016796159999999994: 0.005597014925373134}
Partial Empirical Reward Distribution: {2.5e-08: 0.8961794019933554, 2.5600000000000013e-06: 0.08596345514950166, 0.0006553600000000003: 0.014119601328903655, 0.016796159999999994: 0.003737541528239203}
Partial Empirical Reward Distribution: {2.5e-08: 0.8977556109725686, 2.5600000000000013e-06: 0.08790523690773068, 0.0006553600000000003: 0.011533665835411471, 0.016796159999999994: 0.002805486284289277}
Partial Empirical Reward Distribution: {2.5e-08: 0.908183632734531, 2.5600000000000013e-06: 0.07934131736526946, 0.0006553600000000003: 0.010229540918163672, 0.016796159999999994: 0.002245508982035928}
Partial Empirical Reward Distribution: {2.5e-08: 0.9232529118136439, 2.5600000000000013e-06: 0.0663477537437604, 0.0006553600000000003: 0.008527454242928452, 0.016796159999999994: 0.0018718801996672214}
Partial Empirical Reward Distribution: {2.5e-08: 0.9329529243937232, 2.5600000000000013e-06: 0.05813124108416548, 0.0006553600000000003: 0.007310984308131241, 0.016796159999999994: 0.0016048502139800285}
Partial Empirical Reward Distribution: {2.5e-08: 0.9406991260923845, 2.5600000000000013e-06: 0.05134207240948814, 0.0006553600000000003: 0.006554307116104869, 0.016796159999999994: 0.0014044943820224719}
Partial Empirical Reward Distribution: {2.5e-08: 0.9429800221975583, 2.5600000000000013e-06: 0.04800221975582686, 0.0006553600000000003: 0.007352941176470588, 0.016796159999999994: 0.001664816870144284}
Partial Empirical Reward Distribution: {2.5e-08: 0.945929070929071, 2.5600000000000013e-06: 0.045579420579420576, 0.0006553600000000003: 0.006993006993006993, 0.016796159999999994: 0.0014985014985014985}
Agent checkpoint saved at iteration 1000 in 5.
Model checkpoint saved at iteration 1000 in 5.
Partial Empirical Reward Distribution: {2.5e-08: 0.9507266121707538, 2.5600000000000013e-06: 0.04143960036330609, 0.0006553600000000003: 0.006471389645776567, 0.016796159999999994: 0.0013623978201634877}
Partial Empirical Reward Distribution: {2.5e-08: 0.9548293089092423, 2.5600000000000013e-06: 0.03798917568692756, 0.0006553600000000003: 0.00593255620316403, 0.016796159999999994: 0.0012489592006661116}
Partial Empirical Reward Distribution: {2.5e-08: 0.9583013066871637, 2.5600000000000013e-06: 0.03506917755572637, 0.0006553600000000003: 0.005476556495003843, 0.016796159999999994: 0.0011529592621060721}
Partial Empirical Reward Distribution: {2.5e-08: 0.961277658815132, 2.5600000000000013e-06: 0.03256602426837973, 0.0006553600000000003: 0.005085653104925054, 0.016796159999999994: 0.0010706638115631692}
Partial Empirical Reward Distribution: {2.5e-08: 0.9638574283810792, 2.5600000000000013e-06: 0.030396402398401065, 0.0006553600000000003: 0.004746835443037975, 0.016796159999999994: 0.000999333777481679}
Partial Empirical Reward Distribution: {2.5e-08: 0.9661149281698939, 2.5600000000000013e-06: 0.02849781386633354, 0.0006553600000000003: 0.004450343535290444, 0.016796159999999994: 0.0009369144284821987}
Partial Empirical Reward Distribution: {2.5e-08: 0.9681069958847737, 2.5600000000000013e-06: 0.026822457378012934, 0.0006553600000000003: 0.004188712522045855, 0.016796159999999994: 0.0008818342151675485}
Partial Empirical Reward Distribution: {2.5e-08: 0.9698778456413104, 2.5600000000000013e-06: 0.02533314825097168, 0.0006553600000000003: 0.0039561354802887284, 0.016796159999999994: 0.000832870627429206}
Partial Empirical Reward Distribution: {2.5e-08: 0.971462388216728, 2.5600000000000013e-06: 0.02400052603892688, 0.0006553600000000003: 0.0037480273540241977, 0.016796159999999994: 0.0007890583903208837}
Partial Empirical Reward Distribution: {2.5e-08: 0.972888555722139, 2.5600000000000013e-06: 0.022801099450274864, 0.0006553600000000003: 0.00356071964017991, 0.016796159999999994: 0.0007496251874062968}
Agent checkpoint saved at iteration 2000 in 5.
Model checkpoint saved at iteration 2000 in 5.
Partial Empirical Reward Distribution: {2.5e-08: 0.9741789623988577, 2.5600000000000013e-06: 0.02171584959543075, 0.0006553600000000003: 0.0033912422655878152, 0.016796159999999994: 0.0007139457401237506}
Partial Empirical Reward Distribution: {2.5e-08: 0.9753521126760564, 2.5600000000000013e-06: 0.020729213993639254, 0.0006553600000000003: 0.0032371649250340752, 0.016796159999999994: 0.0006815084052703317}
Partial Empirical Reward Distribution: {2.5e-08: 0.9764232942199044, 2.5600000000000013e-06: 0.019828335506301607, 0.0006553600000000003: 0.0030964797913950455, 0.016796159999999994: 0.000651890482398957}
Partial Empirical Reward Distribution: {2.5e-08: 0.9773531861724282, 2.5600000000000013e-06: 0.019054560599750105, 0.0006553600000000003: 0.0029675135360266555, 0.016796159999999994: 0.0006247396917950854}
Partial Empirical Reward Distribution: {2.5e-08: 0.9755097960815674, 2.5600000000000013e-06: 0.020791683326669332, 0.0006553600000000003: 0.003048780487804878, 0.016796159999999994: 0.0006497401039584166}
Partial Empirical Reward Distribution: {2.5e-08: 0.9759707804690504, 2.5600000000000013e-06: 0.020472895040369088, 0.0006553600000000003: 0.0029315647827758556, 0.016796159999999994: 0.0006247597078046905}
Partial Empirical Reward Distribution: {2.5e-08: 0.9749629766753054, 2.5600000000000013e-06: 0.021149574231766013, 0.0006553600000000003: 0.0032858200666419845, 0.016796159999999994: 0.0006016290262865605}
Partial Empirical Reward Distribution: {2.5e-08: 0.9757675830060693, 2.5600000000000013e-06: 0.020483755801499463, 0.0006553600000000003: 0.0031685112459835774, 0.016796159999999994: 0.0005801499464476973}
Partial Empirical Reward Distribution: {2.5e-08: 0.9759565667011375, 2.5600000000000013e-06: 0.020337814546708032, 0.0006553600000000003: 0.003145467080317132, 0.016796159999999994: 0.0005601516718372974}
Partial Empirical Reward Distribution: {2.5e-08: 0.9765494835054982, 2.5600000000000013e-06: 0.019868377207597467, 0.0006553600000000003: 0.0030406531156281238, 0.016796159999999994: 0.0005414861712762412}
Agent checkpoint saved at iteration 3000 in 5.
Model checkpoint saved at iteration 3000 in 5.
Partial Empirical Reward Distribution: {2.5e-08: 0.9772250886810706, 2.5600000000000013e-06: 0.019308287649145436, 0.0006553600000000003: 0.002942599161560787, 0.016796159999999994: 0.0005240245082231538}
Partial Empirical Reward Distribution: {2.5e-08: 0.9773117775695095, 2.5600000000000013e-06: 0.019329896907216496, 0.0006553600000000003: 0.002850671665104655, 0.016796159999999994: 0.0005076538581693221}
Partial Empirical Reward Distribution: {2.5e-08: 0.9762193274765223, 2.5600000000000013e-06: 0.020486216298091487, 0.0006553600000000003: 0.002802181157225083, 0.016796159999999994: 0.0004922750681611633}
Partial Empirical Reward Distribution: {2.5e-08: 0.974529550132314, 2.5600000000000013e-06: 0.021831814172302264, 0.0006553600000000003: 0.0031608350485151427, 0.016796159999999994: 0.00047780064686856806}
Partial Empirical Reward Distribution: {2.5e-08: 0.9716152527849186, 2.5600000000000013e-06: 0.02438588974578692, 0.0006553600000000003: 0.0034990002856326763, 0.016796159999999994: 0.000499857183661811}
Partial Empirical Reward Distribution: {2.5e-08: 0.9710497084143294, 2.5600000000000013e-06: 0.024819494584837544, 0.0006553600000000003: 0.003644820883088031, 0.016796159999999994: 0.0004859761177450708}
Partial Empirical Reward Distribution: {2.5e-08: 0.9699743312618211, 2.5600000000000013e-06: 0.02563496352337206, 0.0006553600000000003: 0.0038840853823291, 0.016796159999999994: 0.0005066198324777088}
Partial Empirical Reward Distribution: {2.5e-08: 0.9687911076032623, 2.5600000000000013e-06: 0.026736385161799527, 0.0006553600000000003: 0.003913443830570903, 0.016796159999999994: 0.0005590634043672718}
Partial Empirical Reward Distribution: {2.5e-08: 0.9695911304793643, 2.5600000000000013e-06: 0.026051012560881825, 0.0006553600000000003: 0.0038131248397846704, 0.016796159999999994: 0.0005447321199692387}
Partial Empirical Reward Distribution: {2.5e-08: 0.9703511622094476, 2.5600000000000013e-06: 0.025399900024993753, 0.0006553600000000003: 0.003717820544863784, 0.016796159999999994: 0.0005311172206948262}
Agent checkpoint saved at iteration 4000 in 5.
Model checkpoint saved at iteration 4000 in 5.
Partial Empirical Reward Distribution: {2.5e-08: 0.9710741282613996, 2.5600000000000013e-06: 0.02478054133138259, 0.0006553600000000003: 0.0036271641063155328, 0.016796159999999994: 0.000518166300902219}
Partial Empirical Reward Distribution: {2.5e-08: 0.9717626755534396, 2.5600000000000013e-06: 0.024190668888359915, 0.0006553600000000003: 0.003540823613425375, 0.016796159999999994: 0.0005058319447750535}
Partial Empirical Reward Distribution: {2.5e-08: 0.9724192048360847, 2.5600000000000013e-06: 0.023628225993954893, 0.0006553600000000003: 0.003458498023715415, 0.016796159999999994: 0.0004940711462450593}
Partial Empirical Reward Distribution: {2.5e-08: 0.9730458986593956, 2.5600000000000013e-06: 0.023091342876618952, 0.0006553600000000003: 0.003379913655987276, 0.016796159999999994: 0.0004828448079981822}
Partial Empirical Reward Distribution: {2.5e-08: 0.9736447456120862, 2.5600000000000013e-06: 0.02257831592979338, 0.0006553600000000003: 0.0033048211508553654, 0.016796159999999994: 0.0004721173072650522}
Partial Empirical Reward Distribution: {2.5e-08: 0.9742175613996957, 2.5600000000000013e-06: 0.02208758965442295, 0.0006553600000000003: 0.003232992827646164, 0.016796159999999994: 0.00046185611823516625}
Partial Empirical Reward Distribution: {2.5e-08: 0.9747660072325037, 2.5600000000000013e-06: 0.02161774090619017, 0.0006553600000000003: 0.003164220378642842, 0.016796159999999994: 0.0004520314826632631}
Partial Empirical Reward Distribution: {2.5e-08: 0.9752916059154343, 2.5600000000000013e-06: 0.021167465111435118, 0.0006553600000000003: 0.003098312851489273, 0.016796159999999994: 0.00044261612164132473}
Partial Empirical Reward Distribution: {2.5e-08: 0.9757957559681698, 2.5600000000000013e-06: 0.020735564170577432, 0.0006553600000000003: 0.003035094878596205, 0.016796159999999994: 0.0004335849826566007}
Partial Empirical Reward Distribution: {2.5e-08: 0.9762797440511898, 2.5600000000000013e-06: 0.02032093581283743, 0.0006553600000000003: 0.0029744051189762046, 0.016796159999999994: 0.0004249150169966007}
Agent checkpoint saved at iteration 5000 in 5.
Model checkpoint saved at iteration 5000 in 5.
Partial Empirical Reward Distribution: {2.5e-08: 0.9763036659478533, 2.5600000000000013e-06: 0.02026563418937463, 0.0006553600000000003: 0.0030141148794354047, 0.016796159999999994: 0.0004165849833366007}
Partial Empirical Reward Distribution: {2.5e-08: 0.9747404345318208, 2.5600000000000013e-06: 0.02158238800230725, 0.0006553600000000003: 0.0031724668333012883, 0.016796159999999994: 0.00045664295327821575, 0.1677721600000001: 4.806767929244376e-05}
Partial Empirical Reward Distribution: {2.5e-08: 0.9743444633088096, 2.5600000000000013e-06: 0.02190624410488587, 0.0006553600000000003: 0.0032069420863987926, 0.016796159999999994: 0.00047160913035276363, 0.1677721600000001: 7.074136955291455e-05}
Partial Empirical Reward Distribution: {2.5e-08: 0.973662284762081, 2.5600000000000013e-06: 0.02251897796704314, 0.0006553600000000003: 0.0032401407146824663, 0.016796159999999994: 0.0005091649694501018, 0.1677721600000001: 6.94315867431957e-05}
Partial Empirical Reward Distribution: {2.5e-08: 0.9731412470459916, 2.5600000000000013e-06: 0.022768587529540085, 0.0006553600000000003: 0.003522086893292129, 0.016796159999999994: 0.0004999091074350118, 0.1677721600000001: 6.816942374113798e-05}
Partial Empirical Reward Distribution: {2.5e-08: 0.9734868773433315, 2.5600000000000013e-06: 0.022495982860203535, 0.0006553600000000003: 0.0034592037136225674, 0.016796159999999994: 0.0004909837529012677, 0.1677721600000001: 6.695232994108195e-05}
Partial Empirical Reward Distribution: {2.5e-08: 0.9730091212068058, 2.5600000000000013e-06: 0.022912646904051922, 0.0006553600000000003: 0.003530082441676899, 0.016796159999999994: 0.0004823715137695141, 0.1677721600000001: 6.577793369584284e-05}
Partial Empirical Reward Distribution: {2.5e-08: 0.972569384588864, 2.5600000000000013e-06: 0.022970177555593864, 0.0006553600000000003: 0.0038139975866229962, 0.016796159999999994: 0.0005817962420272367, 0.1677721600000001: 6.464402689191518e-05}
Partial Empirical Reward Distribution: {2.5e-08: 0.9729706829350957, 2.5600000000000013e-06: 0.022644467039484834, 0.0006553600000000003: 0.0037493645144890697, 0.016796159999999994: 0.0005719369598373157, 0.1677721600000001: 6.354855109303508e-05}
Partial Empirical Reward Distribution: {2.5e-08: 0.97337943676054, 2.5600000000000013e-06: 0.022308781869688384, 0.0006553600000000003: 0.0036868855190801534, 0.016796159999999994: 0.0005624062656223963, 0.1677721600000001: 6.248958506915514e-05}
Agent checkpoint saved at iteration 6000 in 5.
Model checkpoint saved at iteration 6000 in 5.
Partial Empirical Reward Distribution: {2.5e-08: 0.9738157679069005, 2.5600000000000013e-06: 0.021943124078019998, 0.0006553600000000003: 0.003626454679560728, 0.016796159999999994: 0.0005531880019668907, 0.1677721600000001: 6.146533355187675e-05}
Partial Empirical Reward Distribution: {2.5e-08: 0.9742380261248186, 2.5600000000000013e-06: 0.021589259796806967, 0.0006553600000000003: 0.003567972907595549, 0.016796159999999994: 0.0005442670537010159, 0.1677721600000001: 6.047411707789066e-05}
Partial Empirical Reward Distribution: {2.5e-08: 0.9746468814473893, 2.5600000000000013e-06: 0.02124662751944136, 0.0006553600000000003: 0.003511347405173782, 0.016796159999999994: 0.0005356292651960006, 0.1677721600000001: 5.951436279955563e-05}
Partial Empirical Reward Distribution: {2.5e-08: 0.9750429620371817, 2.5600000000000013e-06: 0.020914700827995625, 0.0006553600000000003: 0.003456491173254179, 0.016796159999999994: 0.0005272613654116544, 0.1677721600000001: 5.8584596156850495e-05}
Partial Empirical Reward Distribution: {2.5e-08: 0.9753691739732349, 2.5600000000000013e-06: 0.02065066912782649, 0.0006553600000000003: 0.003403322565759114, 0.016796159999999994: 0.0005191508998615597, 0.1677721600000001: 5.7683433317951084e-05}
Partial Empirical Reward Distribution: {2.5e-08: 0.9757233752461748, 2.5600000000000013e-06: 0.020356764126647477, 0.0006553600000000003: 0.0033517648841084684, 0.016796159999999994: 0.0005112861687623087, 0.1677721600000001: 5.6809574306923196e-05}
Partial Empirical Reward Distribution: {2.5e-08: 0.9759737352633935, 2.5600000000000013e-06: 0.020164900761080434, 0.0006553600000000003: 0.0033017460080584987, 0.016796159999999994: 0.000503656170720788, 0.1677721600000001: 5.596179674675421e-05}
Partial Empirical Reward Distribution: {2.5e-08: 0.9762534921335098, 2.5600000000000013e-06: 0.019941920305837378, 0.0006553600000000003: 0.0032531980591089544, 0.016796159999999994: 0.0004962505513895015, 0.1677721600000001: 5.513895015438906e-05}
Partial Empirical Reward Distribution: {2.5e-08: 0.9764526880162295, 2.5600000000000013e-06: 0.019797855383277784, 0.0006553600000000003: 0.0032060570931749023, 0.016796159999999994: 0.000489059556586002, 0.1677721600000001: 5.4339950731778e-05}
Partial Empirical Reward Distribution: {2.5e-08: 0.9767176117697471, 2.5600000000000013e-06: 0.019586487644622196, 0.0006553600000000003: 0.0031602628195972005, 0.016796159999999994: 0.0004820739894300814, 0.1677721600000001: 5.356377660334238e-05}
Agent checkpoint saved at iteration 7000 in 5.
Model checkpoint saved at iteration 7000 in 5.
Partial Empirical Reward Distribution: {2.5e-08: 0.9768518518518519, 2.5600000000000013e-06: 0.01950429516969441, 0.0006553600000000003: 0.003115758343895226, 0.016796159999999994: 0.0004752851711026616, 0.1677721600000001: 5.280946345585129e-05}
Partial Empirical Reward Distribution: {2.5e-08: 0.9768782113595333, 2.5600000000000013e-06: 0.01952853770309679, 0.0006553600000000003: 0.0030724899319538954, 0.016796159999999994: 0.000468684904874323, 0.1677721600000001: 5.2076100541591444e-05}
Partial Empirical Reward Distribution: {2.5e-08: 0.9768524859608273, 2.5600000000000013e-06: 0.01960347897548281, 0.0006553600000000003: 0.0030304067935899193, 0.016796159999999994: 0.00046226544308998767, 0.1677721600000001: 5.136282700999863e-05}
Partial Empirical Reward Distribution: {2.5e-08: 0.9768105661397108, 2.5600000000000013e-06: 0.01967639508174571, 0.0006553600000000003: 0.0030063504931765977, 0.016796159999999994: 0.00045601945683015807, 0.1677721600000001: 5.066882853668423e-05}
Partial Empirical Reward Distribution: {2.5e-08: 0.9766666666666667, 2.5600000000000013e-06: 0.019783333333333333, 0.0006553600000000003: 0.00305, 0.016796159999999994: 0.00045, 0.1677721600000001: 5e-05}
Partial Empirical Reward Distribution: {2.5e-08: 0.97775, 2.5600000000000013e-06: 0.0191, 0.0006553600000000003: 0.00275, 0.016796159999999994: 0.00035, 0.1677721600000001: 5e-05}
Partial Empirical Reward Distribution: {2.5e-08: 0.9775, 2.5600000000000013e-06: 0.0194, 0.0006553600000000003: 0.00275, 0.016796159999999994: 0.0003, 0.1677721600000001: 5e-05}
Partial Empirical Reward Distribution: {2.5e-08: 0.97835, 2.5600000000000013e-06: 0.018583333333333334, 0.0006553600000000003: 0.0027166666666666667, 0.016796159999999994: 0.0003, 0.1677721600000001: 5e-05}
Partial Empirical Reward Distribution: {2.5e-08: 0.9793333333333333, 2.5600000000000013e-06: 0.01765, 0.0006553600000000003: 0.0026666666666666666, 0.016796159999999994: 0.0003, 0.1677721600000001: 5e-05}
Partial Empirical Reward Distribution: {2.5e-08: 0.9797833333333333, 2.5600000000000013e-06: 0.017266666666666666, 0.0006553600000000003: 0.0026, 0.016796159999999994: 0.0003, 0.1677721600000001: 5e-05}
Agent checkpoint saved at iteration 8000 in 5.
Model checkpoint saved at iteration 8000 in 5.
Partial Empirical Reward Distribution: {2.5e-08: 0.9798, 2.5600000000000013e-06: 0.01725, 0.0006553600000000003: 0.0026, 0.016796159999999994: 0.0003, 0.1677721600000001: 5e-05}
Partial Empirical Reward Distribution: {2.5e-08: 0.9798833333333333, 0.0006553600000000003: 0.0026, 2.5600000000000013e-06: 0.017166666666666667, 0.016796159999999994: 0.0003, 0.1677721600000001: 5e-05}
Partial Empirical Reward Distribution: {2.5e-08: 0.9799333333333333, 2.5600000000000013e-06: 0.017133333333333334, 0.0006553600000000003: 0.0025833333333333333, 0.016796159999999994: 0.0003, 0.1677721600000001: 5e-05}
Partial Empirical Reward Distribution: {2.5e-08: 0.9804333333333334, 2.5600000000000013e-06: 0.016866666666666665, 0.0006553600000000003: 0.0024, 0.016796159999999994: 0.00025, 0.1677721600000001: 5e-05}
Partial Empirical Reward Distribution: {2.5e-08: 0.9807833333333333, 0.0006553600000000003: 0.00235, 2.5600000000000013e-06: 0.016566666666666667, 0.016796159999999994: 0.00025, 0.1677721600000001: 5e-05}
Partial Empirical Reward Distribution: {2.5e-08: 0.9804166666666667, 2.5600000000000013e-06: 0.0169, 0.0006553600000000003: 0.0023833333333333332, 0.016796159999999994: 0.00025, 0.1677721600000001: 5e-05}
Partial Empirical Reward Distribution: {2.5e-08: 0.9797666666666667, 2.5600000000000013e-06: 0.017416666666666667, 0.0006553600000000003: 0.0024833333333333335, 0.016796159999999994: 0.0002666666666666667, 0.1677721600000001: 6.666666666666667e-05}
Partial Empirical Reward Distribution: {2.5e-08: 0.97935, 2.5600000000000013e-06: 0.017683333333333332, 0.0006553600000000003: 0.002616666666666667, 0.016796159999999994: 0.00028333333333333335, 0.1677721600000001: 6.666666666666667e-05}
Partial Empirical Reward Distribution: {2.5e-08: 0.9791166666666666, 2.5600000000000013e-06: 0.017916666666666668, 0.0006553600000000003: 0.002616666666666667, 0.016796159999999994: 0.00028333333333333335, 0.1677721600000001: 6.666666666666667e-05}
Partial Empirical Reward Distribution: {2.5e-08: 0.9787166666666667, 2.5600000000000013e-06: 0.018233333333333334, 0.0006553600000000003: 0.0026666666666666666, 0.016796159999999994: 0.00031666666666666665, 0.1677721600000001: 6.666666666666667e-05}
Agent checkpoint saved at iteration 9000 in 5.
Model checkpoint saved at iteration 9000 in 5.
Partial Empirical Reward Distribution: {2.5e-08: 0.9784666666666667, 2.5600000000000013e-06: 0.018466666666666666, 0.0006553600000000003: 0.002683333333333333, 0.016796159999999994: 0.00031666666666666665, 0.1677721600000001: 6.666666666666667e-05}
Partial Empirical Reward Distribution: {2.5e-08: 0.9783833333333334, 2.5600000000000013e-06: 0.018533333333333332, 0.0006553600000000003: 0.002683333333333333, 0.016796159999999994: 0.0003333333333333333, 0.1677721600000001: 6.666666666666667e-05}
Partial Empirical Reward Distribution: {2.5e-08: 0.9783833333333334, 2.5600000000000013e-06: 0.018533333333333332, 0.0006553600000000003: 0.002683333333333333, 0.016796159999999994: 0.0003333333333333333, 0.1677721600000001: 6.666666666666667e-05}
Partial Empirical Reward Distribution: {2.5e-08: 0.9783833333333334, 2.5600000000000013e-06: 0.018533333333333332, 0.0006553600000000003: 0.002683333333333333, 0.016796159999999994: 0.0003333333333333333, 0.1677721600000001: 6.666666666666667e-05}
Partial Empirical Reward Distribution: {2.5e-08: 0.9783833333333334, 2.5600000000000013e-06: 0.018533333333333332, 0.0006553600000000003: 0.002683333333333333, 0.016796159999999994: 0.0003333333333333333, 0.1677721600000001: 6.666666666666667e-05}
Partial Empirical Reward Distribution: {2.5e-08: 0.9783833333333334, 2.5600000000000013e-06: 0.018533333333333332, 0.0006553600000000003: 0.002683333333333333, 0.016796159999999994: 0.0003333333333333333, 0.1677721600000001: 6.666666666666667e-05}
Partial Empirical Reward Distribution: {2.5e-08: 0.9783833333333334, 2.5600000000000013e-06: 0.018533333333333332, 0.0006553600000000003: 0.002683333333333333, 0.016796159999999994: 0.0003333333333333333, 0.1677721600000001: 6.666666666666667e-05}
Partial Empirical Reward Distribution: {2.5e-08: 0.9783833333333334, 2.5600000000000013e-06: 0.018533333333333332, 0.0006553600000000003: 0.002683333333333333, 0.016796159999999994: 0.0003333333333333333, 0.1677721600000001: 6.666666666666667e-05}
Partial Empirical Reward Distribution: {2.5e-08: 0.9784, 2.5600000000000013e-06: 0.018516666666666667, 0.0006553600000000003: 0.002683333333333333, 0.016796159999999994: 0.0003333333333333333, 0.1677721600000001: 6.666666666666667e-05}
Partial Empirical Reward Distribution: {2.5e-08: 0.9793166666666666, 2.5600000000000013e-06: 0.017683333333333332, 0.0006553600000000003: 0.002616666666666667, 0.016796159999999994: 0.00031666666666666665, 0.1677721600000001: 6.666666666666667e-05}
Agent checkpoint saved at iteration 10000 in 5.
Model checkpoint saved at iteration 10000 in 5.
Partial Empirical Reward Distribution: {2.5e-08: 0.9794833333333334, 2.5600000000000013e-06: 0.017516666666666666, 0.0006553600000000003: 0.002616666666666667, 0.016796159999999994: 0.00031666666666666665, 0.1677721600000001: 6.666666666666667e-05}
Partial Empirical Reward Distribution: {2.5e-08: 0.9801666666666666, 2.5600000000000013e-06: 0.017, 0.0006553600000000003: 0.00245, 0.016796159999999994: 0.00031666666666666665, 0.1677721600000001: 6.666666666666667e-05}
Partial Empirical Reward Distribution: {2.5e-08: 0.9802, 2.5600000000000013e-06: 0.016966666666666668, 0.0006553600000000003: 0.00245, 0.016796159999999994: 0.00031666666666666665, 0.1677721600000001: 6.666666666666667e-05}
Partial Empirical Reward Distribution: {2.5e-08: 0.98045, 2.5600000000000013e-06: 0.01675, 0.0006553600000000003: 0.002416666666666667, 0.016796159999999994: 0.00031666666666666665, 0.1677721600000001: 6.666666666666667e-05}
Partial Empirical Reward Distribution: {2.5e-08: 0.9805333333333334, 2.5600000000000013e-06: 0.016666666666666666, 0.0006553600000000003: 0.002416666666666667, 0.016796159999999994: 0.00031666666666666665, 0.1677721600000001: 6.666666666666667e-05}
Partial Empirical Reward Distribution: {2.5e-08: 0.9805666666666667, 2.5600000000000013e-06: 0.016633333333333333, 0.0006553600000000003: 0.002416666666666667, 0.016796159999999994: 0.00031666666666666665, 0.1677721600000001: 6.666666666666667e-05}
Partial Empirical Reward Distribution: {2.5e-08: 0.9808333333333333, 2.5600000000000013e-06: 0.016366666666666668, 0.0006553600000000003: 0.002416666666666667, 0.016796159999999994: 0.00031666666666666665, 0.1677721600000001: 6.666666666666667e-05}
Partial Empirical Reward Distribution: {2.5e-08: 0.9816166666666667, 2.5600000000000013e-06: 0.0156, 0.0006553600000000003: 0.0024, 0.016796159999999994: 0.00031666666666666665, 0.1677721600000001: 6.666666666666667e-05}
Partial Empirical Reward Distribution: {2.5e-08: 0.9827, 2.5600000000000013e-06: 0.014716666666666666, 0.0006553600000000003: 0.0022, 0.016796159999999994: 0.00031666666666666665, 0.1677721600000001: 6.666666666666667e-05}
Partial Empirical Reward Distribution: {2.5e-08: 0.9844, 2.5600000000000013e-06: 0.013233333333333333, 0.0006553600000000003: 0.002, 0.016796159999999994: 0.0003, 0.1677721600000001: 6.666666666666667e-05}
Agent checkpoint saved at iteration 11000 in 5.
Model checkpoint saved at iteration 11000 in 5.
Partial Empirical Reward Distribution: {2.5e-08: 0.98505, 0.0006553600000000003: 0.0018833333333333334, 2.5600000000000013e-06: 0.0127, 0.016796159999999994: 0.0003, 0.1677721600000001: 6.666666666666667e-05}
Partial Empirical Reward Distribution: {0.0006553600000000003: 0.0017166666666666667, 2.5600000000000013e-06: 0.011966666666666667, 2.5e-08: 0.9859666666666667, 0.016796159999999994: 0.00028333333333333335, 0.1677721600000001: 6.666666666666667e-05}
Partial Empirical Reward Distribution: {2.5e-08: 0.9869666666666667, 2.5600000000000013e-06: 0.011066666666666667, 0.0006553600000000003: 0.00165, 0.016796159999999994: 0.00025, 0.1677721600000001: 6.666666666666667e-05}
Partial Empirical Reward Distribution: {2.5e-08: 0.9869666666666667, 2.5600000000000013e-06: 0.011066666666666667, 0.0006553600000000003: 0.00165, 0.016796159999999994: 0.00025, 0.1677721600000001: 6.666666666666667e-05}
Partial Empirical Reward Distribution: {2.5e-08: 0.9869666666666667, 2.5600000000000013e-06: 0.011066666666666667, 0.0006553600000000003: 0.00165, 0.016796159999999994: 0.00025, 0.1677721600000001: 6.666666666666667e-05}
Partial Empirical Reward Distribution: {2.5e-08: 0.9869666666666667, 2.5600000000000013e-06: 0.011066666666666667, 0.0006553600000000003: 0.00165, 0.016796159999999994: 0.00025, 0.1677721600000001: 6.666666666666667e-05}
Partial Empirical Reward Distribution: {2.5e-08: 0.9869666666666667, 2.5600000000000013e-06: 0.011066666666666667, 0.0006553600000000003: 0.00165, 0.016796159999999994: 0.00025, 0.1677721600000001: 6.666666666666667e-05}
Partial Empirical Reward Distribution: {2.5e-08: 0.9869666666666667, 2.5600000000000013e-06: 0.011066666666666667, 0.0006553600000000003: 0.00165, 0.016796159999999994: 0.00025, 0.1677721600000001: 6.666666666666667e-05}
Partial Empirical Reward Distribution: {2.5e-08: 0.9869666666666667, 2.5600000000000013e-06: 0.011066666666666667, 0.0006553600000000003: 0.00165, 0.016796159999999994: 0.00025, 0.1677721600000001: 6.666666666666667e-05}
Partial Empirical Reward Distribution: {2.5e-08: 0.9869666666666667, 2.5600000000000013e-06: 0.011066666666666667, 0.0006553600000000003: 0.00165, 0.016796159999999994: 0.00025, 0.1677721600000001: 6.666666666666667e-05}
Agent checkpoint saved at iteration 12000 in 5.
Model checkpoint saved at iteration 12000 in 5.
Partial Empirical Reward Distribution: {2.5e-08: 0.9869666666666667, 2.5600000000000013e-06: 0.011066666666666667, 0.0006553600000000003: 0.00165, 0.016796159999999994: 0.00025, 0.1677721600000001: 6.666666666666667e-05}
Partial Empirical Reward Distribution: {2.5e-08: 0.9869666666666667, 2.5600000000000013e-06: 0.011066666666666667, 0.0006553600000000003: 0.00165, 0.016796159999999994: 0.00025, 0.1677721600000001: 6.666666666666667e-05}
Partial Empirical Reward Distribution: {2.5e-08: 0.9869666666666667, 2.5600000000000013e-06: 0.011066666666666667, 0.0006553600000000003: 0.00165, 0.016796159999999994: 0.00025, 0.1677721600000001: 6.666666666666667e-05}
Partial Empirical Reward Distribution: {2.5e-08: 0.98695, 2.5600000000000013e-06: 0.011083333333333334, 0.0006553600000000003: 0.00165, 0.016796159999999994: 0.00025, 0.1677721600000001: 6.666666666666667e-05}
Partial Empirical Reward Distribution: {2.5e-08: 0.98695, 2.5600000000000013e-06: 0.011083333333333334, 0.0006553600000000003: 0.00165, 0.016796159999999994: 0.00025, 0.1677721600000001: 6.666666666666667e-05}
Partial Empirical Reward Distribution: {2.5e-08: 0.9872166666666666, 2.5600000000000013e-06: 0.010866666666666667, 0.016796159999999994: 0.00025, 0.0006553600000000003: 0.0016, 0.1677721600000001: 6.666666666666667e-05}
Partial Empirical Reward Distribution: {2.5e-08: 0.9857, 2.5600000000000013e-06: 0.0119, 0.1677721600000001: 3.3333333333333335e-05, 0.0006553600000000003: 0.002116666666666667, 0.016796159999999994: 0.00025}
Partial Empirical Reward Distribution: {2.5600000000000013e-06: 0.0118, 2.5e-08: 0.9858166666666667, 0.0006553600000000003: 0.002116666666666667, 0.016796159999999994: 0.00025, 0.1677721600000001: 1.6666666666666667e-05}
Partial Empirical Reward Distribution: {2.5e-08: 0.9857666666666667, 0.0006553600000000003: 0.0022333333333333333, 2.5600000000000013e-06: 0.011766666666666667, 0.016796159999999994: 0.00021666666666666666, 0.1677721600000001: 1.6666666666666667e-05}
Partial Empirical Reward Distribution: {2.5e-08: 0.9850333333333333, 2.5600000000000013e-06: 0.012483333333333334, 0.0006553600000000003: 0.0022166666666666667, 0.016796159999999994: 0.00025, 0.1677721600000001: 1.6666666666666667e-05}
Agent checkpoint saved at iteration 13000 in 5.
Model checkpoint saved at iteration 13000 in 5.
Partial Empirical Reward Distribution: {2.5e-08: 0.9829666666666667, 2.5600000000000013e-06: 0.014383333333333333, 0.0006553600000000003: 0.00235, 0.016796159999999994: 0.00028333333333333335, 0.1677721600000001: 1.6666666666666667e-05}
Partial Empirical Reward Distribution: {2.5e-08: 0.9817833333333333, 2.5600000000000013e-06: 0.015366666666666667, 0.016796159999999994: 0.00035, 0.0006553600000000003: 0.0024833333333333335, 0.1677721600000001: 1.6666666666666667e-05}
Partial Empirical Reward Distribution: {2.5e-08: 0.9813, 2.5600000000000013e-06: 0.016116666666666668, 0.0006553600000000003: 0.0023, 0.016796159999999994: 0.0002666666666666667, 0.1677721600000001: 1.6666666666666667e-05}
Partial Empirical Reward Distribution: {2.5e-08: 0.9799833333333333, 2.5600000000000013e-06: 0.01735, 0.0006553600000000003: 0.0023333333333333335, 0.016796159999999994: 0.00031666666666666665, 0.1677721600000001: 1.6666666666666667e-05}
Partial Empirical Reward Distribution: {2.5e-08: 0.9776666666666667, 2.5600000000000013e-06: 0.019583333333333335, 0.0006553600000000003: 0.002416666666666667, 0.016796159999999994: 0.00031666666666666665, 0.1677721600000001: 1.6666666666666667e-05}
Partial Empirical Reward Distribution: {2.5e-08: 0.9751166666666666, 2.5600000000000013e-06: 0.022066666666666665, 0.0006553600000000003: 0.0024833333333333335, 0.016796159999999994: 0.00031666666666666665, 0.1677721600000001: 1.6666666666666667e-05}
Partial Empirical Reward Distribution: {2.5e-08: 0.9733166666666667, 2.5600000000000013e-06: 0.023833333333333335, 0.0006553600000000003: 0.0025166666666666666, 0.016796159999999994: 0.00031666666666666665, 0.1677721600000001: 1.6666666666666667e-05}
Partial Empirical Reward Distribution: {2.5e-08: 0.9713166666666667, 2.5600000000000013e-06: 0.02575, 0.0006553600000000003: 0.0026, 0.016796159999999994: 0.00031666666666666665, 0.1677721600000001: 1.6666666666666667e-05}
Partial Empirical Reward Distribution: {2.5e-08: 0.9690833333333333, 2.5600000000000013e-06: 0.027866666666666668, 0.0006553600000000003: 0.0027166666666666667, 0.016796159999999994: 0.00031666666666666665, 0.1677721600000001: 1.6666666666666667e-05}
Partial Empirical Reward Distribution: {2.5e-08: 0.9663666666666667, 2.5600000000000013e-06: 0.03045, 0.0006553600000000003: 0.00285, 0.016796159999999994: 0.00031666666666666665, 0.1677721600000001: 1.6666666666666667e-05}
Agent checkpoint saved at iteration 14000 in 5.
Model checkpoint saved at iteration 14000 in 5.
Partial Empirical Reward Distribution: {2.5e-08: 0.9637166666666667, 2.5600000000000013e-06: 0.032916666666666664, 0.0006553600000000003: 0.003033333333333333, 0.016796159999999994: 0.00031666666666666665, 0.1677721600000001: 1.6666666666666667e-05}
Partial Empirical Reward Distribution: {2.5e-08: 0.9625166666666667, 2.5600000000000013e-06: 0.034, 0.0006553600000000003: 0.00315, 0.016796159999999994: 0.00031666666666666665, 0.1677721600000001: 1.6666666666666667e-05}
Partial Empirical Reward Distribution: {2.5e-08: 0.9607166666666667, 2.5600000000000013e-06: 0.03568333333333333, 0.0006553600000000003: 0.003266666666666667, 0.016796159999999994: 0.00031666666666666665, 0.1677721600000001: 1.6666666666666667e-05}
Partial Empirical Reward Distribution: {2.5e-08: 0.95545, 2.5600000000000013e-06: 0.04078333333333333, 0.0006553600000000003: 0.0033833333333333332, 0.016796159999999994: 0.00036666666666666667, 0.1677721600000001: 1.6666666666666667e-05}
Partial Empirical Reward Distribution: {2.5e-08: 0.9527166666666667, 2.5600000000000013e-06: 0.04325, 0.0006553600000000003: 0.0036333333333333335, 0.016796159999999994: 0.00038333333333333334, 0.1677721600000001: 1.6666666666666667e-05}
Partial Empirical Reward Distribution: {2.5e-08: 0.94965, 2.5600000000000013e-06: 0.04625, 0.0006553600000000003: 0.0037, 0.016796159999999994: 0.00038333333333333334, 0.1677721600000001: 1.6666666666666667e-05}
Partial Empirical Reward Distribution: {2.5e-08: 0.9472333333333334, 2.5600000000000013e-06: 0.048433333333333335, 0.0006553600000000003: 0.003916666666666666, 0.016796159999999994: 0.0004, 0.1677721600000001: 1.6666666666666667e-05}
Partial Empirical Reward Distribution: {2.5e-08: 0.9466666666666667, 0.0006553600000000003: 0.004016666666666667, 2.5600000000000013e-06: 0.0489, 0.016796159999999994: 0.0004, 0.1677721600000001: 1.6666666666666667e-05}
Partial Empirical Reward Distribution: {2.5e-08: 0.9468, 2.5600000000000013e-06: 0.048766666666666666, 0.0006553600000000003: 0.004016666666666667, 0.016796159999999994: 0.0004, 0.1677721600000001: 1.6666666666666667e-05}
Partial Empirical Reward Distribution: {2.5e-08: 0.9454666666666667, 2.5600000000000013e-06: 0.050083333333333334, 0.0006553600000000003: 0.004033333333333333, 0.016796159999999994: 0.0004, 0.1677721600000001: 1.6666666666666667e-05}
Agent checkpoint saved at iteration 15000 in 5.
Model checkpoint saved at iteration 15000 in 5.
Partial Empirical Reward Distribution: {2.5e-08: 0.9453166666666667, 2.5600000000000013e-06: 0.05023333333333333, 0.0006553600000000003: 0.004033333333333333, 0.016796159999999994: 0.0004, 0.1677721600000001: 1.6666666666666667e-05}
Partial Empirical Reward Distribution: {2.5e-08: 0.9457833333333333, 2.5600000000000013e-06: 0.04975, 0.0006553600000000003: 0.004, 0.016796159999999994: 0.00045, 0.1677721600000001: 1.6666666666666667e-05}
Partial Empirical Reward Distribution: {2.5e-08: 0.9434166666666667, 2.5600000000000013e-06: 0.05193333333333333, 0.0006553600000000003: 0.004183333333333333, 0.016796159999999994: 0.00045, 0.1677721600000001: 1.6666666666666667e-05}
Partial Empirical Reward Distribution: {2.5e-08: 0.9402, 2.5600000000000013e-06: 0.05486666666666667, 0.0006553600000000003: 0.004366666666666666, 0.016796159999999994: 0.0005333333333333334, 0.1677721600000001: 3.3333333333333335e-05}
Partial Empirical Reward Distribution: {2.5e-08: 0.9373166666666667, 2.5600000000000013e-06: 0.0577, 0.0006553600000000003: 0.004416666666666667, 0.016796159999999994: 0.0005333333333333334, 0.1677721600000001: 3.3333333333333335e-05}
Partial Empirical Reward Distribution: {2.5e-08: 0.9335833333333333, 2.5600000000000013e-06: 0.06141666666666667, 0.0006553600000000003: 0.004433333333333333, 0.016796159999999994: 0.0005333333333333334, 0.1677721600000001: 3.3333333333333335e-05}
Partial Empirical Reward Distribution: {2.5e-08: 0.9314833333333333, 2.5600000000000013e-06: 0.06348333333333334, 0.0006553600000000003: 0.0044666666666666665, 0.016796159999999994: 0.0005333333333333334, 0.1677721600000001: 3.3333333333333335e-05}
Partial Empirical Reward Distribution: {2.5e-08: 0.9305, 2.5600000000000013e-06: 0.06446666666666667, 0.0006553600000000003: 0.0044666666666666665, 0.016796159999999994: 0.0005333333333333334, 0.1677721600000001: 3.3333333333333335e-05}
Partial Empirical Reward Distribution: {2.5e-08: 0.9291666666666667, 2.5600000000000013e-06: 0.0658, 0.0006553600000000003: 0.0044666666666666665, 0.016796159999999994: 0.0005333333333333334, 0.1677721600000001: 3.3333333333333335e-05}
Partial Empirical Reward Distribution: {2.5e-08: 0.9268833333333333, 0.0006553600000000003: 0.0045, 2.5600000000000013e-06: 0.06805, 0.016796159999999994: 0.0005333333333333334, 0.1677721600000001: 3.3333333333333335e-05}
Agent checkpoint saved at iteration 16000 in 5.
Model checkpoint saved at iteration 16000 in 5.
Partial Empirical Reward Distribution: {2.5e-08: 0.9249833333333334, 2.5600000000000013e-06: 0.06998333333333333, 0.0006553600000000003: 0.0044666666666666665, 0.016796159999999994: 0.0005333333333333334, 0.1677721600000001: 3.3333333333333335e-05}
Partial Empirical Reward Distribution: {2.5e-08: 0.9242833333333333, 2.5600000000000013e-06: 0.0708, 0.0006553600000000003: 0.004383333333333334, 0.016796159999999994: 0.0005166666666666667, 0.1677721600000001: 1.6666666666666667e-05}
Partial Empirical Reward Distribution: {2.5e-08: 0.9236, 2.5600000000000013e-06: 0.07163333333333333, 0.016796159999999994: 0.0005, 0.0006553600000000003: 0.00425, 0.1677721600000001: 1.6666666666666667e-05}
Partial Empirical Reward Distribution: {2.5e-08: 0.9231333333333334, 2.5600000000000013e-06: 0.07208333333333333, 0.016796159999999994: 0.0005, 0.0006553600000000003: 0.004266666666666667, 0.1677721600000001: 1.6666666666666667e-05}
Partial Empirical Reward Distribution: {2.5e-08: 0.923, 2.5600000000000013e-06: 0.0723, 0.0006553600000000003: 0.004216666666666666, 0.016796159999999994: 0.00046666666666666666, 0.1677721600000001: 1.6666666666666667e-05}
Partial Empirical Reward Distribution: {2.5e-08: 0.9224, 2.5600000000000013e-06: 0.0729, 0.016796159999999994: 0.00046666666666666666, 0.0006553600000000003: 0.004216666666666666, 0.1677721600000001: 1.6666666666666667e-05}
Partial Empirical Reward Distribution: {2.5e-08: 0.92205, 2.5600000000000013e-06: 0.07326666666666666, 0.0006553600000000003: 0.004216666666666666, 0.016796159999999994: 0.00045, 0.1677721600000001: 1.6666666666666667e-05}
Partial Empirical Reward Distribution: {2.5e-08: 0.9203833333333333, 2.5600000000000013e-06: 0.07493333333333334, 0.0006553600000000003: 0.004216666666666666, 0.016796159999999994: 0.00045, 0.1677721600000001: 1.6666666666666667e-05}
Partial Empirical Reward Distribution: {2.5e-08: 0.9192666666666667, 2.5600000000000013e-06: 0.076, 0.0006553600000000003: 0.004266666666666667, 0.016796159999999994: 0.00045, 0.1677721600000001: 1.6666666666666667e-05}
Partial Empirical Reward Distribution: {2.5e-08: 0.9185666666666666, 2.5600000000000013e-06: 0.07668333333333334, 0.0006553600000000003: 0.0042833333333333334, 0.016796159999999994: 0.00045, 0.1677721600000001: 1.6666666666666667e-05}
Agent checkpoint saved at iteration 17000 in 5.
Model checkpoint saved at iteration 17000 in 5.
Partial Empirical Reward Distribution: {2.5e-08: 0.9179166666666667, 2.5600000000000013e-06: 0.07733333333333334, 0.0006553600000000003: 0.0042833333333333334, 0.016796159999999994: 0.00045, 0.1677721600000001: 1.6666666666666667e-05}
Partial Empirical Reward Distribution: {2.5e-08: 0.9179166666666667, 2.5600000000000013e-06: 0.07733333333333334, 0.0006553600000000003: 0.0042833333333333334, 0.016796159999999994: 0.00045, 0.1677721600000001: 1.6666666666666667e-05}
Partial Empirical Reward Distribution: {2.5e-08: 0.9179166666666667, 2.5600000000000013e-06: 0.07733333333333334, 0.0006553600000000003: 0.0042833333333333334, 0.016796159999999994: 0.00045, 0.1677721600000001: 1.6666666666666667e-05}
Partial Empirical Reward Distribution: {2.5e-08: 0.9179166666666667, 2.5600000000000013e-06: 0.07733333333333334, 0.0006553600000000003: 0.0042833333333333334, 0.016796159999999994: 0.00045, 0.1677721600000001: 1.6666666666666667e-05}
Partial Empirical Reward Distribution: {2.5e-08: 0.9179166666666667, 2.5600000000000013e-06: 0.07733333333333334, 0.0006553600000000003: 0.0042833333333333334, 0.016796159999999994: 0.00045, 0.1677721600000001: 1.6666666666666667e-05}
Partial Empirical Reward Distribution: {2.5e-08: 0.9179166666666667, 2.5600000000000013e-06: 0.07733333333333334, 0.0006553600000000003: 0.0042833333333333334, 0.016796159999999994: 0.00045, 0.1677721600000001: 1.6666666666666667e-05}
Partial Empirical Reward Distribution: {2.5e-08: 0.9179166666666667, 2.5600000000000013e-06: 0.07733333333333334, 0.0006553600000000003: 0.0042833333333333334, 0.016796159999999994: 0.00045, 0.1677721600000001: 1.6666666666666667e-05}
Partial Empirical Reward Distribution: {2.5e-08: 0.9179166666666667, 2.5600000000000013e-06: 0.07733333333333334, 0.0006553600000000003: 0.0042833333333333334, 0.016796159999999994: 0.00045, 0.1677721600000001: 1.6666666666666667e-05}
Partial Empirical Reward Distribution: {2.5e-08: 0.9179166666666667, 2.5600000000000013e-06: 0.07733333333333334, 0.0006553600000000003: 0.0042833333333333334, 0.016796159999999994: 0.00045, 0.1677721600000001: 1.6666666666666667e-05}
Partial Empirical Reward Distribution: {2.5e-08: 0.9179166666666667, 2.5600000000000013e-06: 0.07733333333333334, 0.0006553600000000003: 0.0042833333333333334, 0.016796159999999994: 0.00045, 0.1677721600000001: 1.6666666666666667e-05}
Agent checkpoint saved at iteration 18000 in 5.
Model checkpoint saved at iteration 18000 in 5.
Partial Empirical Reward Distribution: {2.5e-08: 0.9179166666666667, 2.5600000000000013e-06: 0.07733333333333334, 0.0006553600000000003: 0.0042833333333333334, 0.016796159999999994: 0.00045, 0.1677721600000001: 1.6666666666666667e-05}
Partial Empirical Reward Distribution: {2.5e-08: 0.9179166666666667, 2.5600000000000013e-06: 0.07733333333333334, 0.0006553600000000003: 0.0042833333333333334, 0.016796159999999994: 0.00045, 0.1677721600000001: 1.6666666666666667e-05}
Partial Empirical Reward Distribution: {2.5e-08: 0.9179166666666667, 2.5600000000000013e-06: 0.07733333333333334, 0.0006553600000000003: 0.0042833333333333334, 0.016796159999999994: 0.00045, 0.1677721600000001: 1.6666666666666667e-05}
Partial Empirical Reward Distribution: {2.5e-08: 0.9179166666666667, 2.5600000000000013e-06: 0.07733333333333334, 0.0006553600000000003: 0.0042833333333333334, 0.016796159999999994: 0.00045, 0.1677721600000001: 1.6666666666666667e-05}
Partial Empirical Reward Distribution: {2.5e-08: 0.9179166666666667, 2.5600000000000013e-06: 0.07733333333333334, 0.0006553600000000003: 0.0042833333333333334, 0.016796159999999994: 0.00045, 0.1677721600000001: 1.6666666666666667e-05}
Partial Empirical Reward Distribution: {2.5e-08: 0.9179166666666667, 2.5600000000000013e-06: 0.07733333333333334, 0.0006553600000000003: 0.0042833333333333334, 0.016796159999999994: 0.00045, 0.1677721600000001: 1.6666666666666667e-05}
Partial Empirical Reward Distribution: {2.5e-08: 0.9179166666666667, 2.5600000000000013e-06: 0.07733333333333334, 0.0006553600000000003: 0.0042833333333333334, 0.016796159999999994: 0.00045, 0.1677721600000001: 1.6666666666666667e-05}
Partial Empirical Reward Distribution: {2.5e-08: 0.9179, 2.5600000000000013e-06: 0.07735, 0.0006553600000000003: 0.0042833333333333334, 0.016796159999999994: 0.00045, 0.1677721600000001: 1.6666666666666667e-05}
Partial Empirical Reward Distribution: {2.5e-08: 0.9179, 2.5600000000000013e-06: 0.07735, 0.0006553600000000003: 0.0042833333333333334, 0.016796159999999994: 0.00045, 0.1677721600000001: 1.6666666666666667e-05}
Partial Empirical Reward Distribution: {2.5e-08: 0.9179, 2.5600000000000013e-06: 0.07735, 0.0006553600000000003: 0.0042833333333333334, 0.016796159999999994: 0.00045, 0.1677721600000001: 1.6666666666666667e-05}
Agent checkpoint saved at iteration 19000 in 5.
Model checkpoint saved at iteration 19000 in 5.
Partial Empirical Reward Distribution: {2.5e-08: 0.9179, 2.5600000000000013e-06: 0.07735, 0.0006553600000000003: 0.0042833333333333334, 0.016796159999999994: 0.00045, 0.1677721600000001: 1.6666666666666667e-05}
Partial Empirical Reward Distribution: {2.5e-08: 0.9178666666666667, 2.5600000000000013e-06: 0.07738333333333333, 0.0006553600000000003: 0.0042833333333333334, 0.016796159999999994: 0.00045, 0.1677721600000001: 1.6666666666666667e-05}
Partial Empirical Reward Distribution: {2.5e-08: 0.91785, 2.5600000000000013e-06: 0.0774, 0.0006553600000000003: 0.0042833333333333334, 0.016796159999999994: 0.00045, 0.1677721600000001: 1.6666666666666667e-05}
Partial Empirical Reward Distribution: {2.5e-08: 0.91785, 2.5600000000000013e-06: 0.0774, 0.0006553600000000003: 0.0042833333333333334, 0.016796159999999994: 0.00045, 0.1677721600000001: 1.6666666666666667e-05}
Partial Empirical Reward Distribution: {2.5e-08: 0.91785, 2.5600000000000013e-06: 0.0774, 0.0006553600000000003: 0.0042833333333333334, 0.016796159999999994: 0.00045, 0.1677721600000001: 1.6666666666666667e-05}
Partial Empirical Reward Distribution: {2.5e-08: 0.91785, 2.5600000000000013e-06: 0.0774, 0.0006553600000000003: 0.0042833333333333334, 0.016796159999999994: 0.00045, 0.1677721600000001: 1.6666666666666667e-05}
Partial Empirical Reward Distribution: {2.5e-08: 0.91785, 2.5600000000000013e-06: 0.0774, 0.0006553600000000003: 0.0042833333333333334, 0.016796159999999994: 0.00045, 0.1677721600000001: 1.6666666666666667e-05}
Partial Empirical Reward Distribution: {2.5e-08: 0.91785, 2.5600000000000013e-06: 0.0774, 0.0006553600000000003: 0.0042833333333333334, 0.016796159999999994: 0.00045, 0.1677721600000001: 1.6666666666666667e-05}
Partial Empirical Reward Distribution: {2.5e-08: 0.9178666666666667, 2.5600000000000013e-06: 0.07738333333333333, 0.0006553600000000003: 0.0042833333333333334, 0.016796159999999994: 0.00045, 0.1677721600000001: 1.6666666666666667e-05}
Partial Empirical Reward Distribution: {2.5e-08: 0.9178666666666667, 2.5600000000000013e-06: 0.07738333333333333, 0.0006553600000000003: 0.0042833333333333334, 0.016796159999999994: 0.00045, 0.1677721600000001: 1.6666666666666667e-05}
Agent checkpoint saved at iteration 20000 in 5.
Model checkpoint saved at iteration 20000 in 5.
Partial Empirical Reward Distribution: {2.5e-08: 0.9179, 2.5600000000000013e-06: 0.07736666666666667, 0.0006553600000000003: 0.004266666666666667, 0.016796159999999994: 0.00045, 0.1677721600000001: 1.6666666666666667e-05}
Partial Empirical Reward Distribution: {2.5e-08: 0.9207833333333333, 0.0006553600000000003: 0.0036, 2.5600000000000013e-06: 0.07518333333333334, 0.016796159999999994: 0.0004166666666666667, 0.1677721600000001: 1.6666666666666667e-05}
Partial Empirical Reward Distribution: {2.5e-08: 0.9211833333333334, 2.5600000000000013e-06: 0.07486666666666666, 0.0006553600000000003: 0.003533333333333333, 0.016796159999999994: 0.0004, 0.1677721600000001: 1.6666666666666667e-05}
Partial Empirical Reward Distribution: {2.5e-08: 0.9220666666666667, 2.5600000000000013e-06: 0.07416666666666667, 0.0006553600000000003: 0.00335, 0.016796159999999994: 0.0004, 0.1677721600000001: 1.6666666666666667e-05}
Partial Empirical Reward Distribution: {2.5e-08: 0.9235333333333333, 2.5600000000000013e-06: 0.07296666666666667, 0.0006553600000000003: 0.0031166666666666665, 0.016796159999999994: 0.00036666666666666667, 0.1677721600000001: 1.6666666666666667e-05}
Partial Empirical Reward Distribution: {2.5e-08: 0.9257, 2.5600000000000013e-06: 0.07096666666666666, 0.0006553600000000003: 0.0029833333333333335, 0.016796159999999994: 0.0003333333333333333, 0.1677721600000001: 1.6666666666666667e-05}
Partial Empirical Reward Distribution: {2.5e-08: 0.9276, 2.5600000000000013e-06: 0.06936666666666666, 0.0006553600000000003: 0.00275, 0.016796159999999994: 0.0002666666666666667, 0.1677721600000001: 1.6666666666666667e-05}
Partial Empirical Reward Distribution: {2.5e-08: 0.9287833333333333, 2.5600000000000013e-06: 0.06826666666666667, 0.0006553600000000003: 0.0026666666666666666, 0.016796159999999994: 0.0002666666666666667, 0.1677721600000001: 1.6666666666666667e-05}
Partial Empirical Reward Distribution: {2.5600000000000013e-06: 0.06698333333333334, 2.5e-08: 0.93015, 0.0006553600000000003: 0.0026333333333333334, 0.016796159999999994: 0.00021666666666666666, 0.1677721600000001: 1.6666666666666667e-05}
Partial Empirical Reward Distribution: {2.5e-08: 0.9325, 2.5600000000000013e-06: 0.06471666666666667, 0.0006553600000000003: 0.00255, 0.016796159999999994: 0.00021666666666666666, 0.1677721600000001: 1.6666666666666667e-05}
Agent checkpoint saved at iteration 21000 in 5.
Model checkpoint saved at iteration 21000 in 5.
Partial Empirical Reward Distribution: {2.5e-08: 0.93505, 2.5600000000000013e-06: 0.062233333333333335, 0.0006553600000000003: 0.0024833333333333335, 0.016796159999999994: 0.00021666666666666666, 0.1677721600000001: 1.6666666666666667e-05}
Partial Empirical Reward Distribution: {2.5e-08: 0.93685, 0.0006553600000000003: 0.00245, 2.5600000000000013e-06: 0.06046666666666667, 0.016796159999999994: 0.00021666666666666666, 0.1677721600000001: 1.6666666666666667e-05}
Partial Empirical Reward Distribution: {2.5e-08: 0.93885, 2.5600000000000013e-06: 0.05855, 0.0006553600000000003: 0.0023666666666666667, 0.016796159999999994: 0.00021666666666666666, 0.1677721600000001: 1.6666666666666667e-05}
Partial Empirical Reward Distribution: {2.5e-08: 0.9410833333333334, 2.5600000000000013e-06: 0.056433333333333335, 0.0006553600000000003: 0.00225, 0.016796159999999994: 0.00021666666666666666, 0.1677721600000001: 1.6666666666666667e-05}
Partial Empirical Reward Distribution: {2.5e-08: 0.94385, 2.5600000000000013e-06: 0.0538, 0.0006553600000000003: 0.002116666666666667, 0.016796159999999994: 0.00021666666666666666, 0.1677721600000001: 1.6666666666666667e-05}
Partial Empirical Reward Distribution: {2.5e-08: 0.9465166666666667, 0.0006553600000000003: 0.0019333333333333333, 2.5600000000000013e-06: 0.05131666666666666, 0.016796159999999994: 0.00021666666666666666, 0.1677721600000001: 1.6666666666666667e-05}
Partial Empirical Reward Distribution: {2.5e-08: 0.9478166666666666, 2.5600000000000013e-06: 0.050133333333333335, 0.0006553600000000003: 0.0018166666666666667, 0.016796159999999994: 0.00021666666666666666, 0.1677721600000001: 1.6666666666666667e-05}
Partial Empirical Reward Distribution: {2.5e-08: 0.9496833333333333, 2.5600000000000013e-06: 0.048383333333333334, 0.016796159999999994: 0.00021666666666666666, 0.0006553600000000003: 0.0017, 0.1677721600000001: 1.6666666666666667e-05}
Partial Empirical Reward Distribution: {2.5e-08: 0.9550833333333333, 2.5600000000000013e-06: 0.04315, 0.0006553600000000003: 0.0015833333333333333, 0.016796159999999994: 0.00016666666666666666, 0.1677721600000001: 1.6666666666666667e-05}
Partial Empirical Reward Distribution: {2.5e-08: 0.9578833333333333, 2.5600000000000013e-06: 0.04061666666666667, 0.0006553600000000003: 0.0013333333333333333, 0.016796159999999994: 0.00015, 0.1677721600000001: 1.6666666666666667e-05}
Agent checkpoint saved at iteration 22000 in 5.
Model checkpoint saved at iteration 22000 in 5.
Partial Empirical Reward Distribution: {2.5e-08: 0.9611333333333333, 2.5600000000000013e-06: 0.03743333333333333, 0.0006553600000000003: 0.0012666666666666666, 0.016796159999999994: 0.00015, 0.1677721600000001: 1.6666666666666667e-05}
Partial Empirical Reward Distribution: {2.5e-08: 0.9638333333333333, 2.5600000000000013e-06: 0.03496666666666667, 0.0006553600000000003: 0.00105, 0.016796159999999994: 0.00013333333333333334, 0.1677721600000001: 1.6666666666666667e-05}
Partial Empirical Reward Distribution: {2.5e-08: 0.9647333333333333, 2.5600000000000013e-06: 0.034166666666666665, 0.0006553600000000003: 0.00095, 0.016796159999999994: 0.00013333333333333334, 0.1677721600000001: 1.6666666666666667e-05}
Partial Empirical Reward Distribution: {2.5e-08: 0.96495, 2.5600000000000013e-06: 0.033966666666666666, 0.0006553600000000003: 0.0009333333333333333, 0.016796159999999994: 0.00013333333333333334, 0.1677721600000001: 1.6666666666666667e-05}
Partial Empirical Reward Distribution: {2.5e-08: 0.9667333333333333, 2.5600000000000013e-06: 0.03228333333333333, 0.0006553600000000003: 0.0008333333333333334, 0.016796159999999994: 0.00013333333333333334, 0.1677721600000001: 1.6666666666666667e-05}
Partial Empirical Reward Distribution: {2.5e-08: 0.9672, 2.5600000000000013e-06: 0.03185, 0.0006553600000000003: 0.0008, 0.016796159999999994: 0.00013333333333333334, 0.1677721600000001: 1.6666666666666667e-05}
Partial Empirical Reward Distribution: {2.5e-08: 0.9684833333333334, 2.5600000000000013e-06: 0.030716666666666666, 0.0006553600000000003: 0.0007, 0.016796159999999994: 8.333333333333333e-05, 0.1677721600000001: 1.6666666666666667e-05}
Partial Empirical Reward Distribution: {2.5e-08: 0.9712666666666666, 2.5600000000000013e-06: 0.028183333333333335, 0.0006553600000000003: 0.00045, 0.016796159999999994: 8.333333333333333e-05, 0.1677721600000001: 1.6666666666666667e-05}
Partial Empirical Reward Distribution: {2.5e-08: 0.9748, 2.5600000000000013e-06: 0.02493333333333333, 0.0006553600000000003: 0.0002666666666666667}
Partial Empirical Reward Distribution: {2.5e-08: 0.9779, 2.5600000000000013e-06: 0.021883333333333334, 0.0006553600000000003: 0.00021666666666666666}
Agent checkpoint saved at iteration 23000 in 5.
Model checkpoint saved at iteration 23000 in 5.
Partial Empirical Reward Distribution: {2.5e-08: 0.9816333333333334, 2.5600000000000013e-06: 0.018166666666666668, 0.0006553600000000003: 0.0002}
Partial Empirical Reward Distribution: {2.5e-08: 0.9837666666666667, 2.5600000000000013e-06: 0.016066666666666667, 0.0006553600000000003: 0.00016666666666666666}
Partial Empirical Reward Distribution: {2.5e-08: 0.9847666666666667, 2.5600000000000013e-06: 0.015066666666666667, 0.0006553600000000003: 0.00016666666666666666}
Partial Empirical Reward Distribution: {2.5e-08: 0.9861166666666666, 2.5600000000000013e-06: 0.013716666666666667, 0.0006553600000000003: 0.00016666666666666666}
Partial Empirical Reward Distribution: {2.5e-08: 0.9884166666666667, 2.5600000000000013e-06: 0.01145, 0.0006553600000000003: 0.00013333333333333334}
Partial Empirical Reward Distribution: {2.5e-08: 0.9907, 2.5600000000000013e-06: 0.009183333333333333, 0.0006553600000000003: 0.00011666666666666667}
Partial Empirical Reward Distribution: {2.5e-08: 0.99205, 2.5600000000000013e-06: 0.00785, 0.0006553600000000003: 0.0001}
Partial Empirical Reward Distribution: {2.5e-08: 0.99315, 2.5600000000000013e-06: 0.00675, 0.0006553600000000003: 0.0001}
Partial Empirical Reward Distribution: {2.5e-08: 0.99385, 2.5600000000000013e-06: 0.006066666666666666, 0.0006553600000000003: 8.333333333333333e-05}
Partial Empirical Reward Distribution: {2.5e-08: 0.9943833333333333, 2.5600000000000013e-06: 0.005533333333333334, 0.0006553600000000003: 8.333333333333333e-05}
Agent checkpoint saved at iteration 24000 in 5.
Model checkpoint saved at iteration 24000 in 5.
Partial Empirical Reward Distribution: {2.5e-08: 0.9952333333333333, 2.5600000000000013e-06: 0.0047, 0.0006553600000000003: 6.666666666666667e-05}
Partial Empirical Reward Distribution: {2.5e-08: 0.9956666666666667, 2.5600000000000013e-06: 0.004266666666666667, 0.0006553600000000003: 6.666666666666667e-05}
Partial Empirical Reward Distribution: {2.5e-08: 0.9973333333333333, 2.5600000000000013e-06: 0.0026, 0.0006553600000000003: 6.666666666666667e-05}
Partial Empirical Reward Distribution: {2.5e-08: 0.99845, 2.5600000000000013e-06: 0.0015333333333333334, 0.0006553600000000003: 1.6666666666666667e-05}
Partial Empirical Reward Distribution: {2.5e-08: 0.99915, 2.5600000000000013e-06: 0.00085}
Partial Empirical Reward Distribution: {2.5e-08: 0.9998, 2.5600000000000013e-06: 0.0002}
Partial Empirical Reward Distribution: {2.5e-08: 0.9998, 2.5600000000000013e-06: 0.0002}
Partial Empirical Reward Distribution: {2.5e-08: 0.9998, 2.5600000000000013e-06: 0.0002}
Partial Empirical Reward Distribution: {2.5e-08: 0.9998, 2.5600000000000013e-06: 0.0002}
Partial Empirical Reward Distribution: {2.5e-08: 0.9998, 2.5600000000000013e-06: 0.0002}
Agent checkpoint saved at iteration 25000 in 5.
Model checkpoint saved at iteration 25000 in 5.
Partial Empirical Reward Distribution: {2.5e-08: 0.9998, 2.5600000000000013e-06: 0.0002}
Partial Empirical Reward Distribution: {2.5e-08: 0.9998, 2.5600000000000013e-06: 0.0002}
Partial Empirical Reward Distribution: {2.5e-08: 0.9998, 2.5600000000000013e-06: 0.0002}
Partial Empirical Reward Distribution: {2.5e-08: 0.9998, 2.5600000000000013e-06: 0.0002}
Partial Empirical Reward Distribution: {2.5e-08: 0.9998, 2.5600000000000013e-06: 0.0002}
Partial Empirical Reward Distribution: {2.5e-08: 0.9998, 2.5600000000000013e-06: 0.0002}
Partial Empirical Reward Distribution: {2.5e-08: 0.9998, 2.5600000000000013e-06: 0.0002}
Partial Empirical Reward Distribution: {2.5e-08: 0.9998, 2.5600000000000013e-06: 0.0002}
Partial Empirical Reward Distribution: {2.5e-08: 0.9998, 2.5600000000000013e-06: 0.0002}
Partial Empirical Reward Distribution: {2.5e-08: 0.9998, 2.5600000000000013e-06: 0.0002}
Agent checkpoint saved at iteration 26000 in 5.
Model checkpoint saved at iteration 26000 in 5.
Partial Empirical Reward Distribution: {2.5e-08: 0.9998, 2.5600000000000013e-06: 0.0002}
Partial Empirical Reward Distribution: {2.5e-08: 0.9997833333333334, 2.5600000000000013e-06: 0.00021666666666666666}
Partial Empirical Reward Distribution: {2.5e-08: 0.9998, 2.5600000000000013e-06: 0.0002}
Partial Empirical Reward Distribution: {2.5e-08: 0.9998, 2.5600000000000013e-06: 0.0002}
Partial Empirical Reward Distribution: {2.5e-08: 0.9998, 2.5600000000000013e-06: 0.0002}
Partial Empirical Reward Distribution: {2.5e-08: 0.9998, 2.5600000000000013e-06: 0.0002}
Partial Empirical Reward Distribution: {2.5e-08: 0.9998333333333334, 2.5600000000000013e-06: 0.00016666666666666666}
Partial Empirical Reward Distribution: {2.5e-08: 0.9997833333333334, 2.5600000000000013e-06: 0.00021666666666666666}
Partial Empirical Reward Distribution: {2.5e-08: 0.9997833333333334, 2.5600000000000013e-06: 0.00021666666666666666}
Partial Empirical Reward Distribution: {2.5e-08: 0.9997833333333334, 2.5600000000000013e-06: 0.00021666666666666666}
Agent checkpoint saved at iteration 27000 in 5.
Model checkpoint saved at iteration 27000 in 5.
Partial Empirical Reward Distribution: {2.5e-08: 0.9997833333333334, 2.5600000000000013e-06: 0.00021666666666666666}
Partial Empirical Reward Distribution: {2.5e-08: 0.9997833333333334, 2.5600000000000013e-06: 0.00021666666666666666}
Partial Empirical Reward Distribution: {2.5e-08: 0.9997833333333334, 2.5600000000000013e-06: 0.00021666666666666666}
Partial Empirical Reward Distribution: {2.5e-08: 0.9997833333333334, 2.5600000000000013e-06: 0.00021666666666666666}
Partial Empirical Reward Distribution: {2.5e-08: 0.9997833333333334, 2.5600000000000013e-06: 0.00021666666666666666}
Partial Empirical Reward Distribution: {2.5e-08: 0.9997833333333334, 2.5600000000000013e-06: 0.00021666666666666666}
Partial Empirical Reward Distribution: {2.5e-08: 0.9998166666666667, 2.5600000000000013e-06: 0.00018333333333333334}
Partial Empirical Reward Distribution: {2.5e-08: 0.9999166666666667, 2.5600000000000013e-06: 8.333333333333333e-05}
Partial Empirical Reward Distribution: {2.5e-08: 0.9999166666666667, 2.5600000000000013e-06: 8.333333333333333e-05}
Partial Empirical Reward Distribution: {2.5e-08: 0.9999166666666667, 2.5600000000000013e-06: 8.333333333333333e-05}
Agent checkpoint saved at iteration 28000 in 5.
Model checkpoint saved at iteration 28000 in 5.
Partial Empirical Reward Distribution: {2.5e-08: 0.9999166666666667, 2.5600000000000013e-06: 8.333333333333333e-05}
Partial Empirical Reward Distribution: {2.5e-08: 0.9996666666666667, 2.5600000000000013e-06: 0.0003333333333333333}
Partial Empirical Reward Distribution: {2.5e-08: 0.9996333333333334, 2.5600000000000013e-06: 0.00036666666666666667}
Partial Empirical Reward Distribution: {2.5e-08: 0.9996333333333334, 2.5600000000000013e-06: 0.00036666666666666667}
Partial Empirical Reward Distribution: {2.5e-08: 0.9996333333333334, 2.5600000000000013e-06: 0.00036666666666666667}
Partial Empirical Reward Distribution: {2.5e-08: 0.9996333333333334, 2.5600000000000013e-06: 0.00036666666666666667}
Partial Empirical Reward Distribution: {2.5e-08: 0.9996333333333334, 2.5600000000000013e-06: 0.00036666666666666667}
Partial Empirical Reward Distribution: {2.5e-08: 0.9996333333333334, 2.5600000000000013e-06: 0.00036666666666666667}
Partial Empirical Reward Distribution: {2.5e-08: 0.9996333333333334, 2.5600000000000013e-06: 0.00036666666666666667}
Partial Empirical Reward Distribution: {2.5e-08: 0.9996333333333334, 2.5600000000000013e-06: 0.00036666666666666667}
Agent checkpoint saved at iteration 29000 in 5.
Model checkpoint saved at iteration 29000 in 5.
Partial Empirical Reward Distribution: {2.5e-08: 0.9996333333333334, 2.5600000000000013e-06: 0.00036666666666666667}
Partial Empirical Reward Distribution: {2.5e-08: 0.9996333333333334, 2.5600000000000013e-06: 0.00036666666666666667}
Partial Empirical Reward Distribution: {2.5e-08: 0.9996333333333334, 2.5600000000000013e-06: 0.00036666666666666667}
Partial Empirical Reward Distribution: {2.5e-08: 0.9996333333333334, 2.5600000000000013e-06: 0.00036666666666666667}
Partial Empirical Reward Distribution: {2.5e-08: 0.9996333333333334, 2.5600000000000013e-06: 0.00036666666666666667}
Partial Empirical Reward Distribution: {2.5e-08: 0.9996333333333334, 2.5600000000000013e-06: 0.00036666666666666667}
Partial Empirical Reward Distribution: {2.5e-08: 0.9996333333333334, 2.5600000000000013e-06: 0.00036666666666666667}
Partial Empirical Reward Distribution: {2.5e-08: 0.9996333333333334, 2.5600000000000013e-06: 0.00036666666666666667}
Partial Empirical Reward Distribution: {2.5e-08: 0.9996333333333334, 2.5600000000000013e-06: 0.00036666666666666667}
Partial Empirical Reward Distribution: {2.5e-08: 0.9996333333333334, 2.5600000000000013e-06: 0.00036666666666666667}
Agent checkpoint saved at iteration 30000 in 5.
Model checkpoint saved at iteration 30000 in 5.
