Partial Empirical Reward Distribution: {2.5e-05: 1.0}
Agent checkpoint saved at iteration 0 in 7.
Model checkpoint saved at iteration 0 in 7.
Partial Empirical Reward Distribution: {2.5e-05: 0.9170792079207921, 1: 0.07920792079207921, 32: 0.0037128712871287127}
Partial Empirical Reward Distribution: {2.5e-05: 0.8824626865671642, 1: 0.11069651741293532, 32: 0.006840796019900498}
Partial Empirical Reward Distribution: {2.5e-05: 0.8725083056478405, 1: 0.12209302325581395, 32: 0.005398671096345515}
Partial Empirical Reward Distribution: {2.5e-05: 0.8665835411471322, 1: 0.12749376558603492, 32: 0.0059226932668329174}
Partial Empirical Reward Distribution: {2.5e-05: 0.8715069860279441, 1: 0.12150698602794412, 32: 0.006736526946107785, 1024: 0.000249500998003992}
Partial Empirical Reward Distribution: {2.5e-05: 0.8714642262895175, 1: 0.12104825291181365, 32: 0.007279534109816971, 1024: 0.00020798668885191348}
Partial Empirical Reward Distribution: {2.5e-05: 0.875, 1: 0.11751069900142654, 32: 0.007310984308131241, 1024: 0.0001783166904422254}
Partial Empirical Reward Distribution: {2.5e-05: 0.8779650436953808, 1: 0.11470037453183521, 32: 0.00717852684144819, 1024: 0.00015605493133583021}
Partial Empirical Reward Distribution: {2.5e-05: 0.8816592674805771, 1: 0.11084905660377359, 32: 0.007352941176470588, 1024: 0.00013873473917869035}
Partial Empirical Reward Distribution: {2.5e-05: 0.8826173826173827, 1: 0.11038961038961038, 32: 0.006868131868131868, 1024: 0.00012487512487512488}
Agent checkpoint saved at iteration 1000 in 7.
Model checkpoint saved at iteration 1000 in 7.
Partial Empirical Reward Distribution: {2.5e-05: 0.8834014532243415, 1: 0.10910535876475931, 32: 0.00715258855585831, 1024: 0.00011353315168029064, 243: 0.00022706630336058128}
Partial Empirical Reward Distribution: {2.5e-05: 0.8847835137385512, 1: 0.1079308909242298, 32: 0.006973355537052456, 1024: 0.00010407993338884263, 243: 0.00020815986677768527}
Partial Empirical Reward Distribution: {2.5e-05: 0.8835511145272867, 1: 0.10885857033051499, 32: 0.007302075326671791, 1024: 9.607993850883935e-05, 243: 0.0001921598770176787}
Partial Empirical Reward Distribution: {2.5e-05: 0.8822269807280514, 1: 0.10974304068522484, 32: 0.007673090649536046, 1024: 8.922198429693076e-05, 243: 0.0002676659528907923}
Partial Empirical Reward Distribution: {2.5e-05: 0.8838274483677548, 1: 0.1080946035976016, 32: 0.007661558960692871, 1024: 8.327781479013991e-05, 243: 0.00033311125916055963}
Partial Empirical Reward Distribution: {2.5e-05: 0.8855402873204248, 1: 0.10641786383510306, 32: 0.007417239225484072, 1024: 7.807620237351655e-05, 243: 0.0005465334166146158}
Partial Empirical Reward Distribution: {2.5e-05: 0.8896972369194591, 1: 0.10258671369782481, 32: 0.007128159905937684, 1024: 7.348618459729571e-05, 243: 0.00051440329218107}
Partial Empirical Reward Distribution: {2.5e-05: 0.8955441421432537, 1: 0.0971682398667407, 32: 0.0067323709050527486, 1024: 6.94058856191005e-05, 243: 0.0004858411993337035}
Partial Empirical Reward Distribution: {2.5e-05: 0.9007101525512888, 1: 0.09238558653340347, 32: 0.006378221988427144, 1024: 6.575486586007364e-05, 243: 0.0004602840610205155}
Partial Empirical Reward Distribution: {2.5e-05: 0.905672163918041, 1: 0.08776861569215393, 32: 0.006059470264867566, 1024: 6.24687656171914e-05, 243: 0.00043728135932033984}
Agent checkpoint saved at iteration 2000 in 7.
Model checkpoint saved at iteration 2000 in 7.
Partial Empirical Reward Distribution: {2.5e-05: 0.910102332222751, 1: 0.08365064255116611, 32: 0.00577106139933365, 1024: 5.949547834364588e-05, 243: 0.0004164683484055212}
Partial Empirical Reward Distribution: {2.5e-05: 0.9141299409359382, 1: 0.07990686051794639, 32: 0.005508859609268515, 1024: 5.679236710586097e-05, 243: 0.0003975465697410268}
Partial Empirical Reward Distribution: {2.5e-05: 0.9177531508039982, 1: 0.07654280747501087, 32: 0.005269448066058236, 1024: 5.432420686657975e-05, 243: 0.00038026944806605824}
Partial Empirical Reward Distribution: {2.5e-05: 0.9210745522698875, 1: 0.07340691378592253, 32: 0.00510204081632653, 1024: 5.2061640982923784e-05, 243: 0.00036443148688046647}
Partial Empirical Reward Distribution: {2.5e-05: 0.9241303478608557, 1: 0.07057177129148341, 32: 0.004898040783686526, 1024: 4.998000799680128e-05, 243: 0.00034986005597760896}
Partial Empirical Reward Distribution: {2.5e-05: 0.9268069973087274, 1: 0.06809880815071126, 32: 0.004709727028066129, 1024: 4.805843906189927e-05, 243: 0.0003364090734332949}
Partial Empirical Reward Distribution: {2.5e-05: 0.9294705664568679, 1: 0.0656238430211033, 32: 0.004535357275083303, 1024: 4.6279155868196966e-05, 243: 0.00032395409107737876}
Partial Empirical Reward Distribution: {2.5e-05: 0.9317654409139593, 1: 0.06350410567654409, 32: 0.004373438057836487, 1024: 4.4626918957515175e-05, 243: 0.0003123884327026062}
Partial Empirical Reward Distribution: {2.5e-05: 0.9341175456739056, 1: 0.06131506377111341, 32: 0.0042226818338503965, 1024: 4.3088590141330577e-05, 243: 0.000301620130989314}
Partial Empirical Reward Distribution: {2.5e-05: 0.9361046317894035, 1: 0.05948017327557481, 32: 0.004081972675774741, 1024: 4.165278240586471e-05, 243: 0.00029156947684105296}
Agent checkpoint saved at iteration 3000 in 7.
Model checkpoint saved at iteration 3000 in 7.
Partial Empirical Reward Distribution: {2.5e-05: 0.9380844888745566, 1: 0.05764269590454692, 32: 0.0039503386004514675, 1024: 4.0309577555627215e-05, 243: 0.0002821670428893905}
Partial Empirical Reward Distribution: {2.5e-05: 0.9399796938456733, 1: 0.05588097469540768, 32: 0.0038269290846610435, 1024: 3.9050296782255544e-05, 243: 0.00027335207747578884}
Partial Empirical Reward Distribution: {2.5e-05: 0.9417979400181763, 1: 0.054188124810663436, 32: 0.0037109966676764617, 1024: 3.78673129354741e-05, 243: 0.0002650711905483187}
Partial Empirical Reward Distribution: {2.5e-05: 0.9435092619817701, 1: 0.052594825051455456, 32: 0.003601881799470744, 1024: 3.675389591296677e-05, 243: 0.0002572772713907674}
Partial Empirical Reward Distribution: {2.5e-05: 0.9450871179662953, 1: 0.051128249071693804, 32: 0.0034990002856326763, 1024: 3.570408454727221e-05, 243: 0.0002499285918309055}
Partial Empirical Reward Distribution: {2.5e-05: 0.9464732018883644, 1: 0.04984726464870869, 32: 0.003401832824215496, 1024: 3.471257983893363e-05, 243: 0.0002429880588725354}
Partial Empirical Reward Distribution: {2.5e-05: 0.9479194812212915, 1: 0.04850040529586598, 32: 0.003309916238854364, 1024: 3.377465549851391e-05, 243: 0.0002364225884895974}
Partial Empirical Reward Distribution: {2.5e-05: 0.9492896606156275, 1: 0.04722441462772955, 32: 0.0032228360957642726, 1024: 3.288608260983952e-05, 243: 0.00023020257826887662}
Partial Empirical Reward Distribution: {2.5e-05: 0.950589592412202, 1: 0.0460138426044604, 32: 0.003140220456293258, 1024: 3.204306588054345e-05, 243: 0.00022430146116380416}
Partial Empirical Reward Distribution: {2.5e-05: 0.951824543864034, 1: 0.04486378405398651, 32: 0.0030617345663584102, 1024: 3.124218945263684e-05, 243: 0.0002186953261684579}
Agent checkpoint saved at iteration 4000 in 7.
Model checkpoint saved at iteration 4000 in 7.
Partial Empirical Reward Distribution: {2.5e-05: 0.9529992684711046, 1: 0.04376981224091685, 32: 0.002987076322848086, 1024: 3.0480370641307e-05, 243: 0.000213362594489149}
Partial Empirical Reward Distribution: {2.5e-05: 0.9541180671268745, 1: 0.042727921923351585, 32: 0.0029159723875267795, 1024: 2.9754820280885503e-05, 243: 0.00020828374196619852}
Partial Empirical Reward Distribution: {2.5e-05: 0.9551848407347129, 1: 0.041734480353406184, 32: 0.0028481748430597537, 1024: 2.9063008602650547e-05, 243: 0.00020344106021855384}
Partial Empirical Reward Distribution: {2.5e-05: 0.9562031356509885, 1: 0.0407861849579641, 32: 0.0027834583049306974, 1024: 2.8402635764598956e-05, 243: 0.00019881845035219268}
Partial Empirical Reward Distribution: {2.5e-05: 0.9571761830704288, 1: 0.03988002666074206, 32: 0.0027216174183514776, 1024: 2.7771606309708954e-05, 243: 0.00019440124416796267}
Partial Empirical Reward Distribution: {2.5e-05: 0.9581069332753749, 1: 0.039013257987394044, 32: 0.0026624646815909584, 1024: 2.716800695500978e-05, 243: 0.00019017604868506847}
Partial Empirical Reward Distribution: {2.5e-05: 0.9589980855137205, 1: 0.03818336524143799, 32: 0.0026058285471176348, 1024: 2.6590087215486065e-05, 243: 0.00018613061050840247}
Partial Empirical Reward Distribution: {2.5e-05: 0.9598521141428868, 1: 0.037388044157467194, 32: 0.0025515517600499895, 1024: 2.603624244948969e-05, 243: 0.00018225369714642783}
Partial Empirical Reward Distribution: {2.5e-05: 0.9606712915731483, 1: 0.03662517853499286, 32: 0.002499489900020404, 1024: 2.550499897980004e-05, 243: 0.0001785349928586003}
Partial Empirical Reward Distribution: {2.5e-05: 0.9614577084583084, 1: 0.03589282143571286, 32: 0.002449510097980404, 1024: 2.499500099980004e-05, 243: 0.00017496500699860028}
Agent checkpoint saved at iteration 5000 in 7.
Model checkpoint saved at iteration 5000 in 7.
Partial Empirical Reward Distribution: {2.5e-05: 0.9622132915114684, 1: 0.035189178592432854, 32: 0.002401489903940404, 1024: 2.450499901980004e-05, 243: 0.00017153499313860026}
Partial Empirical Reward Distribution: {2.5e-05: 0.9629398192655259, 1: 0.03451259373197462, 32: 0.0023553162853297443, 1024: 2.403383964622188e-05, 243: 0.00016823687752355316}
Partial Empirical Reward Distribution: {2.5e-05: 0.9636389360498019, 1: 0.03386153555932843, 32: 0.002310884738728542, 1024: 2.358045651763818e-05, 243: 0.00016506319562346728}
Partial Empirical Reward Distribution: {2.5e-05: 0.9643121644139974, 1: 0.03323458618774301, 32: 0.0022680985002777264, 1024: 2.3143862247731902e-05, 243: 0.0001620070357341233}
Partial Empirical Reward Distribution: {2.5e-05: 0.964960916197055, 1: 0.03263043083075804, 32: 0.002226867842210507, 1024: 2.272314124704599e-05, 243: 0.00015906198872932194}
Partial Empirical Reward Distribution: {2.5e-05: 0.9655865024102839, 1: 0.03204784859846456, 32: 0.00218710944474201, 1024: 2.231744331369398e-05, 243: 0.0001562221031958579}
Partial Empirical Reward Distribution: {2.5e-05: 0.9661901420803368, 1: 0.031485704262410104, 32: 0.0021487458340641993, 1024: 2.192597789861428e-05, 243: 0.00015348184529029996}
Partial Empirical Reward Distribution: {2.5e-05: 0.9667729701775556, 1: 0.030942940872263403, 32: 0.0021117048784692295, 1024: 2.154800896397173e-05, 243: 0.0001508360627478021}
Partial Empirical Reward Distribution: {2.5e-05: 0.9667641077783427, 1: 0.030990510083036774, 32: 0.0020759193357058124, 1024: 2.1182850364345025e-05, 243: 0.0001482799525504152}
Partial Empirical Reward Distribution: {2.5e-05: 0.9670471588068655, 1: 0.030724045992334612, 32: 0.0020621563072821198, 1024: 2.0829861689718382e-05, 243: 0.00014580903182802866}
Agent checkpoint saved at iteration 6000 in 7.
Model checkpoint saved at iteration 6000 in 7.
Partial Empirical Reward Distribution: {2.5e-05: 0.9675872807736436, 1: 0.030220455663006063, 32: 0.0020283560072119323, 1024: 2.0488444517292246e-05, 243: 0.00014341911162104573}
Partial Empirical Reward Distribution: {2.5e-05: 0.9681099822609257, 1: 0.02973310756329624, 32: 0.0019956458635703917, 1024: 2.0158039025963555e-05, 243: 0.00014110627318174489}
Partial Empirical Reward Distribution: {2.5e-05: 0.9685962545627678, 1: 0.029281066497381367, 32: 0.001963973972385336, 1024: 1.9838120933185207e-05, 243: 0.00013886684653229646}
Partial Empirical Reward Distribution: {2.5e-05: 0.9690868614279019, 1: 0.028823621309170443, 32: 0.0019332916731760663, 1024: 1.9528198718950163e-05, 243: 0.00013669739103265116}
Partial Empirical Reward Distribution: {2.5e-05: 0.9695623750192278, 1: 0.028380249192431935, 32: 0.0019035532994923859, 1024: 1.9227811105983696e-05, 243: 0.00013459467774188587}
Partial Empirical Reward Distribution: {2.5e-05: 0.9698719890925618, 1: 0.028101802757158005, 32: 0.0018747159521284654, 1024: 1.89365247689744e-05, 243: 0.0001325556733828208}
Partial Empirical Reward Distribution: {2.5e-05: 0.9703215937919714, 1: 0.02768243545739442, 32: 0.001846739292642889, 1024: 1.8653932248918072e-05, 243: 0.0001305775257424265}
Partial Empirical Reward Distribution: {2.5e-05: 0.9707579767681224, 1: 0.02727540067637112, 32: 0.001819585355094839, 1024: 1.837965005146302e-05, 243: 0.00012865755036024114}
Partial Empirical Reward Distribution: {2.5e-05: 0.9711817127952471, 1: 0.026880162295319518, 32: 0.0017932183741486741, 1024: 1.811331691059267e-05, 243: 0.00012679321837414867}
