Partial Empirical Reward Distribution: {2.5e-05: 1.0}
Agent checkpoint saved at iteration 0 in 7.
Model checkpoint saved at iteration 0 in 7.
Partial Empirical Reward Distribution: {2.5e-05: 0.8923267326732673, 1: 0.10643564356435643, 8: 0.0012376237623762376}
Partial Empirical Reward Distribution: {2.5e-05: 0.9067164179104478, 1: 0.09079601990049752, 8: 0.0024875621890547263}
Partial Empirical Reward Distribution: {2.5e-05: 0.9136212624584718, 1: 0.08388704318936877, 8: 0.0024916943521594683}
Partial Empirical Reward Distribution: {2.5e-05: 0.9223815461346634, 1: 0.07543640897755612, 8: 0.0021820448877805485}
Partial Empirical Reward Distribution: {2.5e-05: 0.9301397205588823, 1: 0.06786427145708583, 8: 0.001996007984031936}
Partial Empirical Reward Distribution: {2.5e-05: 0.9363560732113144, 1: 0.06198003327787022, 8: 0.0016638935108153079}
Partial Empirical Reward Distribution: {2.5e-05: 0.942225392296719, 1: 0.056348074179743225, 8: 0.0014265335235378032}
Partial Empirical Reward Distribution: {2.5e-05: 0.9464731585518102, 1: 0.0516541822721598, 8: 0.0018726591760299626}
Partial Empirical Reward Distribution: {2.5e-05: 0.9504716981132075, 1: 0.047863485016648166, 8: 0.001664816870144284}
Partial Empirical Reward Distribution: {2.5e-05: 0.954045954045954, 1: 0.044455544455544456, 8: 0.0014985014985014985}
Agent checkpoint saved at iteration 1000 in 7.
Model checkpoint saved at iteration 1000 in 7.
Partial Empirical Reward Distribution: {2.5e-05: 0.9564032697547684, 1: 0.04212079927338783, 8: 0.0014759309718437783}
Partial Empirical Reward Distribution: {2.5e-05: 0.958368026644463, 1: 0.040070774354704415, 8: 0.0014571190674437969, 27: 0.00010407993338884263}
Partial Empirical Reward Distribution: {2.5e-05: 0.9591660261337432, 1: 0.03920061491160646, 8: 0.0014411990776325902, 27: 0.0001921598770176787}
Partial Empirical Reward Distribution: {2.5e-05: 0.9596716630977873, 1: 0.03854389721627409, 8: 0.001516773733047823, 27: 0.0002676659528907923}
Partial Empirical Reward Distribution: {2.5e-05: 0.9601932045303131, 1: 0.03772485009993338, 8: 0.0018321119253830779, 27: 0.0002498334443704197}
Partial Empirical Reward Distribution: {2.5e-05: 0.9626795752654591, 1: 0.035368519675203, 8: 0.001717676452217364, 27: 0.00023422860712054967}
Partial Empirical Reward Distribution: {2.5e-05: 0.9648736037624926, 1: 0.033289241622574954, 8: 0.0016166960611405056, 27: 0.0002204585537918871}
Partial Empirical Reward Distribution: {2.5e-05: 0.9665463631315936, 1: 0.03171848972792893, 8: 0.001526929483620211, 27: 0.0002082176568573015}
Partial Empirical Reward Distribution: {2.5e-05: 0.9679116254602841, 1: 0.030444502893214098, 8: 0.0014466070489216202, 27: 0.00019726459758022093}
Partial Empirical Reward Distribution: {2.5e-05: 0.9694527736131934, 1: 0.028985507246376812, 8: 0.001374312843578211, 27: 0.0001874062968515742}
Agent checkpoint saved at iteration 2000 in 7.
Model checkpoint saved at iteration 2000 in 7.
Partial Empirical Reward Distribution: {2.5e-05: 0.9700142789148025, 1: 0.02849833412660638, 8: 0.0013089005235602095, 27: 0.00017848643503093765}
Partial Empirical Reward Distribution: {2.5e-05: 0.9698432530667879, 1: 0.02862335302135393, 8: 0.0013062244434348023, 27: 0.00022716946842344388}
Partial Empirical Reward Distribution: {2.5e-05: 0.9711538461538461, 1: 0.027379400260756193, 8: 0.0012494567579313341, 27: 0.000217296827466319}
Partial Empirical Reward Distribution: {2.5e-05: 0.9723032069970845, 1: 0.02629112869637651, 8: 0.001197417742607247, 27: 0.00020824656393169514}
Partial Empirical Reward Distribution: {2.5e-05: 0.9734106357457017, 1: 0.025239904038384647, 8: 0.0011495401839264295, 27: 0.00019992003198720512}
Partial Empirical Reward Distribution: {2.5e-05: 0.9744329104190695, 1: 0.02426951172625913, 8: 0.0011053440984236831, 27: 0.00019223375624759708}
Partial Empirical Reward Distribution: {2.5e-05: 0.9753794890781192, 1: 0.023370973713439467, 8: 0.0010644205849685302, 27: 0.00018511662347278786}
Partial Empirical Reward Distribution: {2.5e-05: 0.976258479114602, 1: 0.022536594073545163, 8: 0.001026419136022849, 27: 0.0001785076758300607}
Partial Empirical Reward Distribution: {2.5e-05: 0.9770768700448121, 1: 0.02175973802137194, 8: 0.0009910375732506032, 27: 0.0001723543605653223}
Partial Empirical Reward Distribution: {2.5e-05: 0.97784071976008, 1: 0.02103465511496168, 8: 0.0009580139953348884, 27: 0.00016661112962345885}
Agent checkpoint saved at iteration 3000 in 7.
Model checkpoint saved at iteration 3000 in 7.
Partial Empirical Reward Distribution: {2.5e-05: 0.9773863269912931, 1: 0.02128345694937117, 8: 0.0010883585940019349, 27: 0.0002418574653337633}
Partial Empirical Reward Distribution: {2.5e-05: 0.9780927835051546, 1: 0.020618556701030927, 8: 0.0010543580131208998, 27: 0.00023430178069353328}
Partial Empirical Reward Distribution: {2.5e-05: 0.9787564374431991, 1: 0.019993941229930322, 8: 0.0010224174492578007, 27: 0.0002272038776128446}
Partial Empirical Reward Distribution: {2.5e-05: 0.9793810643928257, 1: 0.019406057042046457, 8: 0.000992355189650103, 27: 0.00022052337547780066}
Partial Empirical Reward Distribution: {2.5e-05: 0.9799700085689803, 1: 0.018851756640959727, 8: 0.0009640102827763496, 27: 0.00021422450728363326}
Partial Empirical Reward Distribution: {2.5e-05: 0.9805262427103583, 1: 0.018328242154956955, 8: 0.000937239655651208, 27: 0.00020827547903360177}
Partial Empirical Reward Distribution: {2.5e-05: 0.9810524182653337, 1: 0.01783301810321535, 8: 0.0009119156984598757, 27: 0.00020264793299108348}
Partial Empirical Reward Distribution: {2.5e-05: 0.9815180215732702, 1: 0.017396737700605104, 8: 0.000887924230465667, 27: 0.0001973164956590371}
Partial Empirical Reward Distribution: {2.5e-05: 0.9819917969751346, 1: 0.016950781850807485, 8: 0.0008651627787746732, 27: 0.00019225839528326071}
Partial Empirical Reward Distribution: {2.5e-05: 0.9823794051487128, 1: 0.01658960259935016, 8: 0.0008435391152211947, 27: 0.00018745313671582103}
Agent checkpoint saved at iteration 4000 in 7.
Model checkpoint saved at iteration 4000 in 7.
Partial Empirical Reward Distribution: {2.5e-05: 0.9826871494757377, 1: 0.016276517922457937, 8: 0.000853450377956596, 27: 0.000182882223847842}
Partial Empirical Reward Distribution: {2.5e-05: 0.9830695072601762, 1: 0.015918828850273743, 8: 0.0008331349678647941, 27: 0.00017852892168531301}
Partial Empirical Reward Distribution: {2.5e-05: 0.9832597070448733, 1: 0.015752150662636598, 8: 0.0008137642408742153, 27: 0.00017437805161590327}
Partial Empirical Reward Distribution: {2.5e-05: 0.983498068620768, 1: 0.01550783912747103, 8: 0.0007952738014087707, 27: 0.00019881845035219268}
Partial Empirical Reward Distribution: {2.5e-05: 0.9838091535214397, 1: 0.015218840257720507, 8: 0.0007776049766718507, 27: 0.00019440124416796267}
Partial Empirical Reward Distribution: {2.5e-05: 0.9840252119104542, 1: 0.01502390784612041, 8: 0.0007607041947402739, 27: 0.00019017604868506847}
Partial Empirical Reward Distribution: {2.5e-05: 0.9838598170602, 1: 0.015182939800042544, 8: 0.000771112529249096, 27: 0.00018613061050840247}
Partial Empirical Reward Distribution: {2.5e-05: 0.9836492397417205, 1: 0.015413455530097896, 8: 0.000755051031035201, 27: 0.00018225369714642783}
Partial Empirical Reward Distribution: {2.5e-05: 0.9838553356457865, 1: 0.015226484390940624, 8: 0.0007396449704142012, 27: 0.0001785349928586003}
Partial Empirical Reward Distribution: {2.5e-05: 0.9841531693661267, 1: 0.014947010597880424, 8: 0.0007248550289942012, 27: 0.00017496500699860028}
Agent checkpoint saved at iteration 5000 in 7.
Model checkpoint saved at iteration 5000 in 7.
Partial Empirical Reward Distribution: {2.5e-05: 0.9844638306214468, 1: 0.014653989413840423, 8: 0.0007106449715742012, 27: 0.00017153499313860026}
Partial Empirical Reward Distribution: {2.5e-05: 0.9847625456642953, 1: 0.014372236108440685, 8: 0.0006969813497404346, 27: 0.00016823687752355316}
Partial Empirical Reward Distribution: {2.5e-05: 0.9850499905678174, 1: 0.014101112997547632, 8: 0.0006838332390115072, 27: 0.00016506319562346728}
Partial Empirical Reward Distribution: {2.5e-05: 0.9851879281614516, 1: 0.013955748935382336, 8: 0.000694315867431957, 27: 0.0001620070357341233}
Partial Empirical Reward Distribution: {2.5e-05: 0.9854117433193965, 1: 0.013747500454462824, 8: 0.0006816942374113798, 27: 0.00015906198872932194}
Partial Empirical Reward Distribution: {2.5e-05: 0.9854043920728441, 1: 0.013747545081235494, 8: 0.0006918407427245135, 27: 0.0001562221031958579}
Partial Empirical Reward Distribution: {2.5e-05: 0.9856384844764077, 1: 0.01352832836344501, 8: 0.0006797053148570426, 27: 0.00015348184529029996}
Partial Empirical Reward Distribution: {2.5e-05: 0.9857352180658507, 1: 0.013424409584554388, 8: 0.0006895362868470954, 27: 0.0001508360627478021}
Partial Empirical Reward Distribution: {2.5e-05: 0.985510930350788, 1: 0.013578207083545162, 8: 0.0007413997627520759, 27: 0.0001694628029147602}
