Partial Empirical Reward Distribution: {0.1: 1.0}
Agent checkpoint saved at iteration 0 in 3.
Model checkpoint saved at iteration 0 in 3.
Partial Empirical Reward Distribution: {0.1: 0.9959677419354839, 1.1: 0.004032258064516129}
Partial Empirical Reward Distribution: {0.1: 0.992827868852459, 1.1: 0.007172131147540984}
Partial Empirical Reward Distribution: {0.1: 0.992445054945055, 1.1: 0.007554945054945055}
Partial Empirical Reward Distribution: {0.1: 0.993801652892562, 1.1: 0.006198347107438017}
Partial Empirical Reward Distribution: {0.1: 0.9942052980132451, 1.1: 0.005794701986754967}
Partial Empirical Reward Distribution: {0.1: 0.9948204419889503, 1.1: 0.0051795580110497235}
Partial Empirical Reward Distribution: {0.1: 0.9949644549763034, 1.1: 0.005035545023696682}
Partial Empirical Reward Distribution: {0.1: 0.995591286307054, 1.1: 0.004408713692946058}
Partial Empirical Reward Distribution: {0.1: 0.996079335793358, 1.1: 0.003920664206642066}
Partial Empirical Reward Distribution: {0.1: 0.9960548172757475, 1.1: 0.0039451827242524915}
Partial Empirical Reward Distribution: {0.1: 0.9964123867069486, 1.1: 0.0035876132930513596}
Partial Empirical Reward Distribution: {0.1: 0.9967105263157895, 1.1: 0.003289473684210526}
Partial Empirical Reward Distribution: {0.1: 0.9968030690537084, 1.1: 0.00319693094629156}
Partial Empirical Reward Distribution: {0.1: 0.9970308788598575, 1.1: 0.0029691211401425177}
Partial Empirical Reward Distribution: {0.1: 0.9972283813747228, 1.1: 0.002771618625277162}
Partial Empirical Reward Distribution: {0.1: 0.9974012474012474, 1.1: 0.002598752598752599}
Partial Empirical Reward Distribution: {0.1: 0.9975538160469667, 1.1: 0.002446183953033268}
Partial Empirical Reward Distribution: {0.1: 0.9976894639556377, 1.1: 0.0023105360443622922}
Partial Empirical Reward Distribution: {0.1: 0.9978108581436077, 1.1: 0.0021891418563922942}
Partial Empirical Reward Distribution: {0.1: 0.9979201331114809, 1.1: 0.0020798668885191347}
Partial Empirical Reward Distribution: {0.1: 0.9980190174326465, 1.1: 0.0019809825673534074}
Partial Empirical Reward Distribution: {0.1: 0.9981089258698941, 1.1: 0.0018910741301059002}
Partial Empirical Reward Distribution: {0.1: 0.998191027496382, 1.1: 0.001808972503617945}
Partial Empirical Reward Distribution: {0.1: 0.9982662968099861, 1.1: 0.0017337031900138697}
Partial Empirical Reward Distribution: {0.1: 0.998335552596538, 1.1: 0.0016644474034620505}
Partial Empirical Reward Distribution: {0.1: 0.9983994878361075, 1.1: 0.0016005121638924455}
Partial Empirical Reward Distribution: {0.1: 0.9984586929716399, 1.1: 0.0015413070283600493}
Partial Empirical Reward Distribution: {0.1: 0.998513674197384, 1.1: 0.0014863258026159335}
Partial Empirical Reward Distribution: {0.1: 0.998564867967853, 1.1: 0.0014351320321469576}
Partial Empirical Reward Distribution: {0.1: 0.9986126526082131, 1.1: 0.0013873473917869034}
Partial Empirical Reward Distribution: {0.1: 0.998657357679914, 1.1: 0.0013426423200859291}
Partial Empirical Reward Distribution: {0.1: 0.9986992715920916, 1.1: 0.0013007284079084287}
Partial Empirical Reward Distribution: {0.1: 0.9987386478304743, 1.1: 0.0012613521695257316}
Agent checkpoint saved at iteration 1000 in 3.
Model checkpoint saved at iteration 1000 in 3.
Partial Empirical Reward Distribution: {0.1: 0.9987144955925563, 1.1: 0.0012855044074436826}
Partial Empirical Reward Distribution: {0.1: 0.9987511893434824, 1.1: 0.0012488106565176024}
Partial Empirical Reward Distribution: {0.1: 0.9987858464384829, 1.1: 0.0012141535615171138}
Partial Empirical Reward Distribution: {0.1: 0.9988186318631863, 1.1: 0.0011813681368136814}
Partial Empirical Reward Distribution: {0.1: 0.9988496932515337, 1.1: 0.0011503067484662577}
Partial Empirical Reward Distribution: {0.1: 0.9988791631084543, 1.1: 0.0011208368915456874}
Partial Empirical Reward Distribution: {0.1: 0.9989071606994172, 1.1: 0.0010928393005828476}
Partial Empirical Reward Distribution: {0.1: 0.9989337936636881, 1.1: 0.0010662063363119415}
Partial Empirical Reward Distribution: {0.1: 0.99895, 1.1: 0.00105}
Partial Empirical Reward Distribution: {0.1: 0.99915, 1.1: 0.00085}
Partial Empirical Reward Distribution: {0.1: 0.9994, 1.1: 0.0006}
Partial Empirical Reward Distribution: {0.1: 0.9995, 1.1: 0.0005}
Partial Empirical Reward Distribution: {0.1: 0.99955, 1.1: 0.00045}
Partial Empirical Reward Distribution: {0.1: 0.99965, 1.1: 0.00035}
Partial Empirical Reward Distribution: {0.1: 0.9997, 1.1: 0.0003}
Partial Empirical Reward Distribution: {0.1: 0.99975, 1.1: 0.00025}
Partial Empirical Reward Distribution: {0.1: 0.99975, 1.1: 0.00025}
Partial Empirical Reward Distribution: {0.1: 0.99975, 1.1: 0.00025}
Partial Empirical Reward Distribution: {0.1: 0.9998, 1.1: 0.0002}
Partial Empirical Reward Distribution: {0.1: 0.9998, 1.1: 0.0002}
Partial Empirical Reward Distribution: {0.1: 0.99985, 1.1: 0.00015}
Partial Empirical Reward Distribution: {0.1: 0.99985, 1.1: 0.00015}
Partial Empirical Reward Distribution: {0.1: 0.99985, 1.1: 0.00015}
Partial Empirical Reward Distribution: {0.1: 0.99985, 1.1: 0.00015}
Partial Empirical Reward Distribution: {0.1: 0.99985, 1.1: 0.00015}
Partial Empirical Reward Distribution: {0.1: 0.99985, 1.1: 0.00015}
Partial Empirical Reward Distribution: {0.1: 0.99985, 1.1: 0.00015}
Partial Empirical Reward Distribution: {0.1: 0.99985, 1.1: 0.00015}
Partial Empirical Reward Distribution: {0.1: 0.99985, 1.1: 0.00015}
Partial Empirical Reward Distribution: {0.1: 0.99985, 1.1: 0.00015}
Partial Empirical Reward Distribution: {0.1: 0.99985, 1.1: 0.00015}
Partial Empirical Reward Distribution: {0.1: 0.99985, 1.1: 0.00015}
Partial Empirical Reward Distribution: {0.1: 0.99985, 1.1: 0.00015}
Agent checkpoint saved at iteration 2000 in 3.
Model checkpoint saved at iteration 2000 in 3.
Partial Empirical Reward Distribution: {0.1: 0.99985, 1.1: 0.00015}
Partial Empirical Reward Distribution: {0.1: 0.99985, 1.1: 0.00015}
Partial Empirical Reward Distribution: {0.1: 0.99985, 1.1: 0.00015}
Partial Empirical Reward Distribution: {0.1: 0.99985, 1.1: 0.00015}
Partial Empirical Reward Distribution: {0.1: 0.99985, 1.1: 0.00015}
Partial Empirical Reward Distribution: {0.1: 0.99985, 1.1: 0.00015}
Partial Empirical Reward Distribution: {0.1: 0.99985, 1.1: 0.00015}
Partial Empirical Reward Distribution: {0.1: 0.99985, 1.1: 0.00015}
Partial Empirical Reward Distribution: {0.1: 0.99985, 1.1: 0.00015}
Partial Empirical Reward Distribution: {0.1: 0.9999, 1.1: 0.0001}
Partial Empirical Reward Distribution: {0.1: 0.9999, 1.1: 0.0001}
Partial Empirical Reward Distribution: {0.1: 0.9999, 1.1: 0.0001}
Partial Empirical Reward Distribution: {0.1: 0.9999, 1.1: 0.0001}
Partial Empirical Reward Distribution: {0.1: 0.9999, 1.1: 0.0001}
Partial Empirical Reward Distribution: {0.1: 0.9999, 1.1: 0.0001}
Partial Empirical Reward Distribution: {0.1: 0.9999, 1.1: 0.0001}
Partial Empirical Reward Distribution: {0.1: 0.9999, 1.1: 0.0001}
Partial Empirical Reward Distribution: {0.1: 0.9999, 1.1: 0.0001}
Partial Empirical Reward Distribution: {0.1: 0.9999, 1.1: 0.0001}
Partial Empirical Reward Distribution: {0.1: 0.9999, 1.1: 0.0001}
Partial Empirical Reward Distribution: {0.1: 0.99995, 1.1: 5e-05}
Partial Empirical Reward Distribution: {0.1: 0.99995, 1.1: 5e-05}
Partial Empirical Reward Distribution: {0.1: 0.99995, 1.1: 5e-05}
Partial Empirical Reward Distribution: {0.1: 0.99995, 1.1: 5e-05}
Partial Empirical Reward Distribution: {0.1: 0.99995, 1.1: 5e-05}
Partial Empirical Reward Distribution: {0.1: 1.0}
Partial Empirical Reward Distribution: {0.1: 1.0}
Partial Empirical Reward Distribution: {0.1: 1.0}
Partial Empirical Reward Distribution: {0.1: 1.0}
Partial Empirical Reward Distribution: {0.1: 1.0}
Partial Empirical Reward Distribution: {0.1: 1.0}
Partial Empirical Reward Distribution: {0.1: 1.0}
Partial Empirical Reward Distribution: {0.1: 1.0}
Partial Empirical Reward Distribution: {0.1: 1.0}
Agent checkpoint saved at iteration 3000 in 3.
Model checkpoint saved at iteration 3000 in 3.
Partial Empirical Reward Distribution: {0.1: 1.0}
Partial Empirical Reward Distribution: {0.1: 1.0}
Partial Empirical Reward Distribution: {0.1: 1.0}
Partial Empirical Reward Distribution: {0.1: 1.0}
Partial Empirical Reward Distribution: {0.1: 1.0}
Partial Empirical Reward Distribution: {0.1: 1.0}
Partial Empirical Reward Distribution: {0.1: 1.0}
Partial Empirical Reward Distribution: {0.1: 1.0}
Partial Empirical Reward Distribution: {0.1: 1.0}
Partial Empirical Reward Distribution: {0.1: 1.0}
Partial Empirical Reward Distribution: {0.1: 1.0}
Partial Empirical Reward Distribution: {0.1: 1.0}
Partial Empirical Reward Distribution: {0.1: 1.0}
Partial Empirical Reward Distribution: {0.1: 1.0}
Partial Empirical Reward Distribution: {0.1: 1.0}
Partial Empirical Reward Distribution: {0.1: 1.0}
Partial Empirical Reward Distribution: {0.1: 1.0}
Partial Empirical Reward Distribution: {0.1: 1.0}
Partial Empirical Reward Distribution: {0.1: 1.0}
Partial Empirical Reward Distribution: {0.1: 1.0}
Partial Empirical Reward Distribution: {0.1: 1.0}
Partial Empirical Reward Distribution: {0.1: 1.0}
Partial Empirical Reward Distribution: {0.1: 1.0}
Partial Empirical Reward Distribution: {0.1: 1.0}
Partial Empirical Reward Distribution: {0.1: 1.0}
Partial Empirical Reward Distribution: {0.1: 1.0}
Partial Empirical Reward Distribution: {0.1: 1.0}
Partial Empirical Reward Distribution: {0.1: 1.0}
Partial Empirical Reward Distribution: {0.1: 1.0}
Partial Empirical Reward Distribution: {0.1: 1.0}
Partial Empirical Reward Distribution: {0.1: 1.0}
Partial Empirical Reward Distribution: {0.1: 1.0}
Partial Empirical Reward Distribution: {0.1: 1.0}
Agent checkpoint saved at iteration 4000 in 3.
Model checkpoint saved at iteration 4000 in 3.
Partial Empirical Reward Distribution: {0.1: 1.0}
Partial Empirical Reward Distribution: {0.1: 1.0}
Partial Empirical Reward Distribution: {0.1: 1.0}
Partial Empirical Reward Distribution: {0.1: 1.0}
Partial Empirical Reward Distribution: {0.1: 1.0}
Partial Empirical Reward Distribution: {0.1: 1.0}
Partial Empirical Reward Distribution: {0.1: 1.0}
Partial Empirical Reward Distribution: {0.1: 1.0}
Partial Empirical Reward Distribution: {0.1: 1.0}
Partial Empirical Reward Distribution: {0.1: 1.0}
Partial Empirical Reward Distribution: {0.1: 1.0}
Partial Empirical Reward Distribution: {0.1: 1.0}
Partial Empirical Reward Distribution: {0.1: 1.0}
Partial Empirical Reward Distribution: {0.1: 1.0}
Partial Empirical Reward Distribution: {0.1: 1.0}
Partial Empirical Reward Distribution: {0.1: 1.0}
Partial Empirical Reward Distribution: {0.1: 1.0}
Partial Empirical Reward Distribution: {0.1: 1.0}
Partial Empirical Reward Distribution: {0.1: 1.0}
Partial Empirical Reward Distribution: {0.1: 1.0}
Partial Empirical Reward Distribution: {0.1: 1.0}
Partial Empirical Reward Distribution: {0.1: 1.0}
Partial Empirical Reward Distribution: {0.1: 1.0}
Partial Empirical Reward Distribution: {0.1: 1.0}
Partial Empirical Reward Distribution: {0.1: 1.0}
Partial Empirical Reward Distribution: {0.1: 1.0}
Partial Empirical Reward Distribution: {0.1: 1.0}
Partial Empirical Reward Distribution: {0.1: 1.0}
Partial Empirical Reward Distribution: {0.1: 1.0}
Partial Empirical Reward Distribution: {0.1: 1.0}
Partial Empirical Reward Distribution: {0.1: 1.0}
Partial Empirical Reward Distribution: {0.1: 1.0}
Partial Empirical Reward Distribution: {0.1: 1.0}
Agent checkpoint saved at iteration 5000 in 3.
Model checkpoint saved at iteration 5000 in 3.
Partial Empirical Reward Distribution: {0.1: 1.0}
Partial Empirical Reward Distribution: {0.1: 1.0}
Partial Empirical Reward Distribution: {0.1: 1.0}
Partial Empirical Reward Distribution: {0.1: 0.99995, 1.1: 5e-05}
Partial Empirical Reward Distribution: {0.1: 0.99995, 1.1: 5e-05}
Partial Empirical Reward Distribution: {0.1: 0.99995, 1.1: 5e-05}
Partial Empirical Reward Distribution: {0.1: 0.99995, 1.1: 5e-05}
Partial Empirical Reward Distribution: {0.1: 0.99995, 1.1: 5e-05}
Partial Empirical Reward Distribution: {0.1: 0.99995, 1.1: 5e-05}
Partial Empirical Reward Distribution: {0.1: 0.99995, 1.1: 5e-05}
Partial Empirical Reward Distribution: {0.1: 0.99995, 1.1: 5e-05}
Partial Empirical Reward Distribution: {0.1: 0.99995, 1.1: 5e-05}
Partial Empirical Reward Distribution: {0.1: 0.99995, 1.1: 5e-05}
Partial Empirical Reward Distribution: {0.1: 0.99995, 1.1: 5e-05}
Partial Empirical Reward Distribution: {0.1: 0.99995, 1.1: 5e-05}
Partial Empirical Reward Distribution: {0.1: 0.99995, 1.1: 5e-05}
Partial Empirical Reward Distribution: {0.1: 0.99995, 1.1: 5e-05}
Partial Empirical Reward Distribution: {0.1: 0.99995, 1.1: 5e-05}
Partial Empirical Reward Distribution: {0.1: 0.99995, 1.1: 5e-05}
Partial Empirical Reward Distribution: {0.1: 0.99995, 1.1: 5e-05}
Partial Empirical Reward Distribution: {0.1: 0.99995, 1.1: 5e-05}
Partial Empirical Reward Distribution: {0.1: 0.99995, 1.1: 5e-05}
Partial Empirical Reward Distribution: {0.1: 0.99995, 1.1: 5e-05}
Partial Empirical Reward Distribution: {0.1: 0.99995, 1.1: 5e-05}
Partial Empirical Reward Distribution: {0.1: 0.99995, 1.1: 5e-05}
Partial Empirical Reward Distribution: {0.1: 0.99995, 1.1: 5e-05}
Partial Empirical Reward Distribution: {0.1: 0.99995, 1.1: 5e-05}
Partial Empirical Reward Distribution: {0.1: 0.99995, 1.1: 5e-05}
Partial Empirical Reward Distribution: {0.1: 0.99995, 1.1: 5e-05}
Partial Empirical Reward Distribution: {0.1: 0.99995, 1.1: 5e-05}
Partial Empirical Reward Distribution: {0.1: 0.99995, 1.1: 5e-05}
Partial Empirical Reward Distribution: {0.1: 0.99995, 1.1: 5e-05}
Partial Empirical Reward Distribution: {0.1: 0.99995, 1.1: 5e-05}
Partial Empirical Reward Distribution: {0.1: 0.99995, 1.1: 5e-05}
Agent checkpoint saved at iteration 6000 in 3.
Model checkpoint saved at iteration 6000 in 3.
Partial Empirical Reward Distribution: {0.1: 0.99995, 1.1: 5e-05}
Partial Empirical Reward Distribution: {0.1: 0.99995, 1.1: 5e-05}
Partial Empirical Reward Distribution: {0.1: 0.99995, 1.1: 5e-05}
Partial Empirical Reward Distribution: {0.1: 0.99995, 1.1: 5e-05}
Partial Empirical Reward Distribution: {0.1: 0.99995, 1.1: 5e-05}
Partial Empirical Reward Distribution: {0.1: 0.99995, 1.1: 5e-05}
Partial Empirical Reward Distribution: {0.1: 0.99995, 1.1: 5e-05}
Partial Empirical Reward Distribution: {0.1: 0.99995, 1.1: 5e-05}
Partial Empirical Reward Distribution: {0.1: 0.99995, 1.1: 5e-05}
Partial Empirical Reward Distribution: {0.1: 0.99995, 1.1: 5e-05}
Partial Empirical Reward Distribution: {0.1: 0.99995, 1.1: 5e-05}
Partial Empirical Reward Distribution: {0.1: 1.0}
Partial Empirical Reward Distribution: {0.1: 1.0}
Partial Empirical Reward Distribution: {0.1: 1.0}
Partial Empirical Reward Distribution: {0.1: 1.0}
Partial Empirical Reward Distribution: {0.1: 1.0}
Partial Empirical Reward Distribution: {0.1: 1.0}
Partial Empirical Reward Distribution: {0.1: 1.0}
Partial Empirical Reward Distribution: {0.1: 1.0}
Partial Empirical Reward Distribution: {0.1: 1.0}
Partial Empirical Reward Distribution: {0.1: 1.0}
Partial Empirical Reward Distribution: {0.1: 1.0}
Partial Empirical Reward Distribution: {0.1: 1.0}
Partial Empirical Reward Distribution: {0.1: 1.0}
Partial Empirical Reward Distribution: {0.1: 1.0}
Partial Empirical Reward Distribution: {0.1: 1.0}
Partial Empirical Reward Distribution: {0.1: 1.0}
Partial Empirical Reward Distribution: {0.1: 1.0}
Partial Empirical Reward Distribution: {0.1: 1.0}
Partial Empirical Reward Distribution: {0.1: 1.0}
Partial Empirical Reward Distribution: {0.1: 1.0}
Partial Empirical Reward Distribution: {0.1: 1.0}
Partial Empirical Reward Distribution: {0.1: 1.0}
Agent checkpoint saved at iteration 7000 in 3.
Model checkpoint saved at iteration 7000 in 3.
Partial Empirical Reward Distribution: {0.1: 1.0}
Partial Empirical Reward Distribution: {0.1: 1.0}
Partial Empirical Reward Distribution: {0.1: 1.0}
Partial Empirical Reward Distribution: {0.1: 1.0}
Partial Empirical Reward Distribution: {0.1: 1.0}
Partial Empirical Reward Distribution: {0.1: 1.0}
Partial Empirical Reward Distribution: {0.1: 1.0}
Partial Empirical Reward Distribution: {0.1: 1.0}
Partial Empirical Reward Distribution: {0.1: 1.0}
Partial Empirical Reward Distribution: {0.1: 1.0}
Partial Empirical Reward Distribution: {0.1: 1.0}
Partial Empirical Reward Distribution: {0.1: 1.0}
Partial Empirical Reward Distribution: {0.1: 1.0}
Partial Empirical Reward Distribution: {0.1: 1.0}
Partial Empirical Reward Distribution: {0.1: 1.0}
Partial Empirical Reward Distribution: {0.1: 1.0}
Partial Empirical Reward Distribution: {0.1: 1.0}
Partial Empirical Reward Distribution: {0.1: 1.0}
Partial Empirical Reward Distribution: {0.1: 1.0}
Partial Empirical Reward Distribution: {0.1: 1.0}
Partial Empirical Reward Distribution: {0.1: 1.0}
Partial Empirical Reward Distribution: {0.1: 1.0}
Partial Empirical Reward Distribution: {0.1: 1.0}
Partial Empirical Reward Distribution: {0.1: 1.0}
Partial Empirical Reward Distribution: {0.1: 1.0}
Partial Empirical Reward Distribution: {0.1: 1.0}
Partial Empirical Reward Distribution: {0.1: 1.0}
Partial Empirical Reward Distribution: {0.1: 1.0}
Partial Empirical Reward Distribution: {0.1: 1.0}
Partial Empirical Reward Distribution: {0.1: 1.0}
Partial Empirical Reward Distribution: {0.1: 1.0}
Partial Empirical Reward Distribution: {0.1: 1.0}
Partial Empirical Reward Distribution: {0.1: 1.0}
Agent checkpoint saved at iteration 8000 in 3.
Model checkpoint saved at iteration 8000 in 3.
Partial Empirical Reward Distribution: {0.1: 1.0}
Partial Empirical Reward Distribution: {0.1: 1.0}
Partial Empirical Reward Distribution: {0.1: 1.0}
Partial Empirical Reward Distribution: {0.1: 1.0}
Partial Empirical Reward Distribution: {0.1: 1.0}
Partial Empirical Reward Distribution: {0.1: 1.0}
Partial Empirical Reward Distribution: {0.1: 1.0}
Partial Empirical Reward Distribution: {0.1: 1.0}
Partial Empirical Reward Distribution: {0.1: 1.0}
Partial Empirical Reward Distribution: {0.1: 0.99995, 1.1: 5e-05}
Partial Empirical Reward Distribution: {0.1: 0.99995, 1.1: 5e-05}
Partial Empirical Reward Distribution: {0.1: 0.99995, 1.1: 5e-05}
Partial Empirical Reward Distribution: {0.1: 0.99995, 1.1: 5e-05}
Partial Empirical Reward Distribution: {0.1: 0.99995, 1.1: 5e-05}
Partial Empirical Reward Distribution: {0.1: 0.99995, 1.1: 5e-05}
Partial Empirical Reward Distribution: {0.1: 0.99995, 1.1: 5e-05}
Partial Empirical Reward Distribution: {0.1: 0.99995, 1.1: 5e-05}
Partial Empirical Reward Distribution: {0.1: 0.99995, 1.1: 5e-05}
Partial Empirical Reward Distribution: {0.1: 0.99995, 1.1: 5e-05}
Partial Empirical Reward Distribution: {0.1: 0.99995, 1.1: 5e-05}
Partial Empirical Reward Distribution: {0.1: 0.99995, 1.1: 5e-05}
Partial Empirical Reward Distribution: {0.1: 0.99995, 1.1: 5e-05}
Partial Empirical Reward Distribution: {0.1: 0.99995, 1.1: 5e-05}
Partial Empirical Reward Distribution: {0.1: 0.99995, 1.1: 5e-05}
Partial Empirical Reward Distribution: {0.1: 0.99995, 1.1: 5e-05}
Partial Empirical Reward Distribution: {0.1: 0.99995, 1.1: 5e-05}
Partial Empirical Reward Distribution: {0.1: 0.99995, 1.1: 5e-05}
Partial Empirical Reward Distribution: {0.1: 0.99995, 1.1: 5e-05}
Partial Empirical Reward Distribution: {0.1: 0.99995, 1.1: 5e-05}
Partial Empirical Reward Distribution: {0.1: 0.99995, 1.1: 5e-05}
Partial Empirical Reward Distribution: {0.1: 0.99995, 1.1: 5e-05}
Partial Empirical Reward Distribution: {0.1: 0.99995, 1.1: 5e-05}
Partial Empirical Reward Distribution: {0.1: 0.99995, 1.1: 5e-05}
Partial Empirical Reward Distribution: {0.1: 0.99995, 1.1: 5e-05}
Agent checkpoint saved at iteration 9000 in 3.
Model checkpoint saved at iteration 9000 in 3.
Partial Empirical Reward Distribution: {0.1: 0.99995, 1.1: 5e-05}
Partial Empirical Reward Distribution: {0.1: 0.99995, 1.1: 5e-05}
Partial Empirical Reward Distribution: {0.1: 0.99995, 1.1: 5e-05}
Partial Empirical Reward Distribution: {0.1: 0.99995, 1.1: 5e-05}
Partial Empirical Reward Distribution: {0.1: 0.99995, 1.1: 5e-05}
Partial Empirical Reward Distribution: {0.1: 0.99995, 1.1: 5e-05}
Partial Empirical Reward Distribution: {0.1: 0.99995, 1.1: 5e-05}
Partial Empirical Reward Distribution: {0.1: 0.99995, 1.1: 5e-05}
Partial Empirical Reward Distribution: {0.1: 0.99995, 1.1: 5e-05}
Partial Empirical Reward Distribution: {0.1: 0.99995, 1.1: 5e-05}
Partial Empirical Reward Distribution: {0.1: 0.99995, 1.1: 5e-05}
Partial Empirical Reward Distribution: {0.1: 0.99995, 1.1: 5e-05}
Partial Empirical Reward Distribution: {0.1: 0.99995, 1.1: 5e-05}
Partial Empirical Reward Distribution: {0.1: 0.99995, 1.1: 5e-05}
Partial Empirical Reward Distribution: {0.1: 0.99995, 1.1: 5e-05}
Partial Empirical Reward Distribution: {0.1: 0.99995, 1.1: 5e-05}
Partial Empirical Reward Distribution: {0.1: 0.99995, 1.1: 5e-05}
Partial Empirical Reward Distribution: {0.1: 1.0}
Partial Empirical Reward Distribution: {0.1: 1.0}
Partial Empirical Reward Distribution: {0.1: 1.0}
Partial Empirical Reward Distribution: {0.1: 1.0}
Partial Empirical Reward Distribution: {0.1: 1.0}
Partial Empirical Reward Distribution: {0.1: 1.0}
Partial Empirical Reward Distribution: {0.1: 1.0}
Partial Empirical Reward Distribution: {0.1: 1.0}
Partial Empirical Reward Distribution: {0.1: 1.0}
Partial Empirical Reward Distribution: {0.1: 1.0}
Partial Empirical Reward Distribution: {0.1: 1.0}
Partial Empirical Reward Distribution: {0.1: 1.0}
Partial Empirical Reward Distribution: {0.1: 1.0}
Partial Empirical Reward Distribution: {0.1: 1.0}
Partial Empirical Reward Distribution: {0.1: 1.0}
Partial Empirical Reward Distribution: {0.1: 1.0}
Agent checkpoint saved at iteration 10000 in 3.
Model checkpoint saved at iteration 10000 in 3.
