Partial Empirical Reward Distribution: {1: 1.0}
Agent checkpoint saved at iteration 0 in 3.
Model checkpoint saved at iteration 0 in 3.
Partial Empirical Reward Distribution: {1: 1.0}
Partial Empirical Reward Distribution: {1: 1.0}
Partial Empirical Reward Distribution: {1: 1.0}
Partial Empirical Reward Distribution: {1: 1.0}
Partial Empirical Reward Distribution: {1: 1.0}
Partial Empirical Reward Distribution: {1: 1.0}
Partial Empirical Reward Distribution: {1: 1.0}
Partial Empirical Reward Distribution: {1: 1.0}
Partial Empirical Reward Distribution: {1: 1.0}
Partial Empirical Reward Distribution: {1: 1.0}
Partial Empirical Reward Distribution: {1: 1.0}
Partial Empirical Reward Distribution: {1: 1.0}
Partial Empirical Reward Distribution: {1: 1.0}
Partial Empirical Reward Distribution: {1: 1.0}
Partial Empirical Reward Distribution: {1: 1.0}
Partial Empirical Reward Distribution: {1: 1.0}
Partial Empirical Reward Distribution: {1: 1.0}
Partial Empirical Reward Distribution: {1: 1.0}
Partial Empirical Reward Distribution: {1: 1.0}
Partial Empirical Reward Distribution: {1: 1.0}
Partial Empirical Reward Distribution: {1: 1.0}
Partial Empirical Reward Distribution: {1: 1.0}
Partial Empirical Reward Distribution: {1: 0.99995, 30: 5e-05}
Partial Empirical Reward Distribution: {1: 0.99995, 30: 5e-05}
Partial Empirical Reward Distribution: {1: 0.99995, 30: 5e-05}
Partial Empirical Reward Distribution: {1: 0.99995, 30: 5e-05}
Partial Empirical Reward Distribution: {1: 0.99995, 30: 5e-05}
Partial Empirical Reward Distribution: {1: 0.99995, 30: 5e-05}
Partial Empirical Reward Distribution: {1: 0.99995, 30: 5e-05}
Partial Empirical Reward Distribution: {1: 0.99995, 30: 5e-05}
Partial Empirical Reward Distribution: {1: 0.99995, 30: 5e-05}
Partial Empirical Reward Distribution: {1: 0.99995, 30: 5e-05}
Partial Empirical Reward Distribution: {1: 0.99995, 30: 5e-05}
Agent checkpoint saved at iteration 1000 in 3.
Model checkpoint saved at iteration 1000 in 3.
Partial Empirical Reward Distribution: {1: 0.99995, 30: 5e-05}
Partial Empirical Reward Distribution: {1: 0.99995, 30: 5e-05}
Partial Empirical Reward Distribution: {1: 0.99995, 30: 5e-05}
Partial Empirical Reward Distribution: {1: 0.99995, 30: 5e-05}
Partial Empirical Reward Distribution: {1: 0.99995, 30: 5e-05}
Partial Empirical Reward Distribution: {1: 0.9999, 30: 0.0001}
Partial Empirical Reward Distribution: {1: 0.99985, 30: 0.00015}
Partial Empirical Reward Distribution: {1: 0.99985, 30: 0.00015}
Partial Empirical Reward Distribution: {1: 0.99985, 30: 0.00015}
Partial Empirical Reward Distribution: {1: 0.9998, 30: 0.0002}
Partial Empirical Reward Distribution: {1: 0.99985, 30: 0.00015}
Partial Empirical Reward Distribution: {1: 0.99985, 30: 0.00015}
Partial Empirical Reward Distribution: {1: 0.9998, 30: 0.0002}
Partial Empirical Reward Distribution: {1: 0.99975, 30: 0.00025}
Partial Empirical Reward Distribution: {1: 0.99975, 30: 0.00025}
Partial Empirical Reward Distribution: {1: 0.99975, 30: 0.00025}
Partial Empirical Reward Distribution: {1: 0.99975, 30: 0.00025}
Partial Empirical Reward Distribution: {1: 0.99975, 30: 0.00025}
Partial Empirical Reward Distribution: {1: 0.99975, 30: 0.00025}
Partial Empirical Reward Distribution: {1: 0.99975, 30: 0.00025}
Partial Empirical Reward Distribution: {1: 0.99975, 30: 0.00025}
Partial Empirical Reward Distribution: {1: 0.99975, 30: 0.00025}
Partial Empirical Reward Distribution: {1: 0.9997, 30: 0.0003}
Partial Empirical Reward Distribution: {1: 0.99955, 30: 0.00045}
Partial Empirical Reward Distribution: {1: 0.99955, 30: 0.00045}
Partial Empirical Reward Distribution: {1: 0.9989, 30: 0.0011}
Partial Empirical Reward Distribution: {1: 0.9988, 30: 0.0012}
Partial Empirical Reward Distribution: {1: 0.99885, 30: 0.00115}
Partial Empirical Reward Distribution: {1: 0.99885, 30: 0.00115}
Partial Empirical Reward Distribution: {1: 0.9985, 30: 0.0015}
Partial Empirical Reward Distribution: {1: 0.9983, 30: 0.0017}
Partial Empirical Reward Distribution: {1: 0.9978, 30: 0.0022}
Partial Empirical Reward Distribution: {1: 0.9962, 30: 0.0038}
Agent checkpoint saved at iteration 2000 in 3.
Model checkpoint saved at iteration 2000 in 3.
Partial Empirical Reward Distribution: {1: 0.995, 30: 0.005}
Partial Empirical Reward Distribution: {1: 0.994, 30: 0.006}
Partial Empirical Reward Distribution: {1: 0.99125, 30: 0.00875}
Partial Empirical Reward Distribution: {1: 0.98955, 30: 0.01045}
Partial Empirical Reward Distribution: {1: 0.9868, 30: 0.0132}
Partial Empirical Reward Distribution: {1: 0.9833, 30: 0.0167}
Partial Empirical Reward Distribution: {1: 0.98065, 30: 0.01935}
Partial Empirical Reward Distribution: {1: 0.979, 30: 0.021}
Partial Empirical Reward Distribution: {1: 0.97715, 30: 0.02285}
Partial Empirical Reward Distribution: {1: 0.97525, 30: 0.02475}
Partial Empirical Reward Distribution: {1: 0.9723, 30: 0.0277}
Partial Empirical Reward Distribution: {1: 0.9709, 30: 0.0291}
Partial Empirical Reward Distribution: {1: 0.9694, 30: 0.0306}
Partial Empirical Reward Distribution: {1: 0.9689, 30: 0.0311}
Partial Empirical Reward Distribution: {1: 0.96885, 30: 0.03115}
Partial Empirical Reward Distribution: {1: 0.9676, 30: 0.0324}
Partial Empirical Reward Distribution: {1: 0.9671, 30: 0.0329}
Partial Empirical Reward Distribution: {1: 0.96575, 30: 0.03425}
Partial Empirical Reward Distribution: {1: 0.9652, 30: 0.0348}
Partial Empirical Reward Distribution: {1: 0.96475, 30: 0.03525}
Partial Empirical Reward Distribution: {1: 0.9641, 30: 0.0359}
Partial Empirical Reward Distribution: {1: 0.9647, 30: 0.0353}
Partial Empirical Reward Distribution: {1: 0.96425, 30: 0.03575}
Partial Empirical Reward Distribution: {1: 0.96615, 30: 0.03385}
Partial Empirical Reward Distribution: {1: 0.96675, 30: 0.03325}
Partial Empirical Reward Distribution: {1: 0.96575, 30: 0.03425}
Partial Empirical Reward Distribution: {1: 0.9654, 30: 0.0346}
Partial Empirical Reward Distribution: {1: 0.96525, 30: 0.03475}
Partial Empirical Reward Distribution: {1: 0.96545, 30: 0.03455}
Partial Empirical Reward Distribution: {1: 0.9652, 30: 0.0348}
Partial Empirical Reward Distribution: {1: 0.96535, 30: 0.03465}
Partial Empirical Reward Distribution: {1: 0.9676, 30: 0.0324}
Partial Empirical Reward Distribution: {1: 0.96745, 30: 0.03255}
Partial Empirical Reward Distribution: {1: 0.9675, 30: 0.0325}
Agent checkpoint saved at iteration 3000 in 3.
Model checkpoint saved at iteration 3000 in 3.
Partial Empirical Reward Distribution: {1: 0.96745, 30: 0.03255}
Partial Empirical Reward Distribution: {1: 0.96585, 30: 0.03415}
Partial Empirical Reward Distribution: {1: 0.96515, 30: 0.03485}
Partial Empirical Reward Distribution: {1: 0.9632, 30: 0.0368}
Partial Empirical Reward Distribution: {1: 0.9598, 30: 0.0402}
Partial Empirical Reward Distribution: {1: 0.95555, 30: 0.04445}
Partial Empirical Reward Distribution: {1: 0.9515, 30: 0.0485}
Partial Empirical Reward Distribution: {1: 0.9497, 30: 0.0503}
Partial Empirical Reward Distribution: {1: 0.94685, 30: 0.05315}
Partial Empirical Reward Distribution: {1: 0.9421, 30: 0.0579}
Partial Empirical Reward Distribution: {1: 0.93545, 30: 0.06455}
Partial Empirical Reward Distribution: {1: 0.93055, 30: 0.06945}
Partial Empirical Reward Distribution: {1: 0.93065, 30: 0.06935}
Partial Empirical Reward Distribution: {1: 0.9295, 30: 0.0705}
Partial Empirical Reward Distribution: {1: 0.9266, 30: 0.0734}
Partial Empirical Reward Distribution: {1: 0.92415, 30: 0.07585}
Partial Empirical Reward Distribution: {1: 0.9219, 30: 0.0781}
Partial Empirical Reward Distribution: {1: 0.91905, 30: 0.08095}
Partial Empirical Reward Distribution: {1: 0.91575, 30: 0.08425}
Partial Empirical Reward Distribution: {1: 0.9131, 30: 0.0869}
Partial Empirical Reward Distribution: {1: 0.91065, 30: 0.08935}
Partial Empirical Reward Distribution: {1: 0.90805, 30: 0.09195}
Partial Empirical Reward Distribution: {1: 0.90485, 30: 0.09515}
Partial Empirical Reward Distribution: {1: 0.90165, 30: 0.09835}
Partial Empirical Reward Distribution: {1: 0.90055, 30: 0.09945}
Partial Empirical Reward Distribution: {1: 0.9014, 30: 0.0986}
Partial Empirical Reward Distribution: {1: 0.9013, 30: 0.0987}
Partial Empirical Reward Distribution: {1: 0.9023, 30: 0.0977}
Partial Empirical Reward Distribution: {1: 0.9025, 30: 0.0975}
Partial Empirical Reward Distribution: {1: 0.90275, 30: 0.09725}
Partial Empirical Reward Distribution: {1: 0.9071, 30: 0.0929}
Partial Empirical Reward Distribution: {1: 0.90685, 30: 0.09315}
Partial Empirical Reward Distribution: {1: 0.90405, 30: 0.09595}
Agent checkpoint saved at iteration 4000 in 3.
Model checkpoint saved at iteration 4000 in 3.
Partial Empirical Reward Distribution: {1: 0.8932, 30: 0.1068}
Partial Empirical Reward Distribution: {1: 0.886, 30: 0.114}
Partial Empirical Reward Distribution: {1: 0.87965, 30: 0.12035}
Partial Empirical Reward Distribution: {1: 0.87245, 30: 0.12755}
Partial Empirical Reward Distribution: {1: 0.8635, 30: 0.1365}
Partial Empirical Reward Distribution: {1: 0.86015, 30: 0.13985}
Partial Empirical Reward Distribution: {1: 0.8588, 30: 0.1412}
Partial Empirical Reward Distribution: {1: 0.8558, 30: 0.1442}
Partial Empirical Reward Distribution: {1: 0.8542, 30: 0.1458}
Partial Empirical Reward Distribution: {1: 0.8531, 30: 0.1469}
Partial Empirical Reward Distribution: {1: 0.8514, 30: 0.1486}
Partial Empirical Reward Distribution: {1: 0.84925, 30: 0.15075}
Partial Empirical Reward Distribution: {1: 0.84565, 30: 0.15435}
Partial Empirical Reward Distribution: {1: 0.8443, 30: 0.1557}
Partial Empirical Reward Distribution: {1: 0.8436, 30: 0.1564}
Partial Empirical Reward Distribution: {1: 0.84235, 30: 0.15765}
Partial Empirical Reward Distribution: {1: 0.84025, 30: 0.15975}
Partial Empirical Reward Distribution: {1: 0.8385, 30: 0.1615}
Partial Empirical Reward Distribution: {1: 0.83645, 30: 0.16355}
Partial Empirical Reward Distribution: {1: 0.8434, 30: 0.1566}
Partial Empirical Reward Distribution: {1: 0.84755, 30: 0.15245}
Partial Empirical Reward Distribution: {1: 0.86085, 30: 0.13915}
Partial Empirical Reward Distribution: {1: 0.8699, 30: 0.1301}
Partial Empirical Reward Distribution: {1: 0.8786, 30: 0.1214}
Partial Empirical Reward Distribution: {1: 0.8888, 30: 0.1112}
Partial Empirical Reward Distribution: {1: 0.8991, 30: 0.1009}
Partial Empirical Reward Distribution: {1: 0.9054, 30: 0.0946}
Partial Empirical Reward Distribution: {1: 0.9093, 30: 0.0907}
Partial Empirical Reward Distribution: {1: 0.91455, 30: 0.08545}
Partial Empirical Reward Distribution: {1: 0.9182, 30: 0.0818}
Partial Empirical Reward Distribution: {1: 0.92255, 30: 0.07745}
Partial Empirical Reward Distribution: {1: 0.92865, 30: 0.07135}
Partial Empirical Reward Distribution: {1: 0.93565, 30: 0.06435}
Agent checkpoint saved at iteration 5000 in 3.
Model checkpoint saved at iteration 5000 in 3.
Partial Empirical Reward Distribution: {1: 0.9413, 30: 0.0587}
Partial Empirical Reward Distribution: {1: 0.9468, 30: 0.0532}
Partial Empirical Reward Distribution: {1: 0.9485, 30: 0.0515}
Partial Empirical Reward Distribution: {1: 0.9505, 30: 0.0495}
Partial Empirical Reward Distribution: {1: 0.9504, 30: 0.0496}
Partial Empirical Reward Distribution: {1: 0.95295, 30: 0.04705}
Partial Empirical Reward Distribution: {1: 0.95665, 30: 0.04335}
Partial Empirical Reward Distribution: {1: 0.9589, 30: 0.0411}
Partial Empirical Reward Distribution: {1: 0.96115, 30: 0.03885}
Partial Empirical Reward Distribution: {1: 0.96365, 30: 0.03635}
Partial Empirical Reward Distribution: {1: 0.9649, 30: 0.0351}
Partial Empirical Reward Distribution: {1: 0.96495, 30: 0.03505}
Partial Empirical Reward Distribution: {1: 0.96545, 30: 0.03455}
Partial Empirical Reward Distribution: {1: 0.9661, 30: 0.0339}
Partial Empirical Reward Distribution: {1: 0.9668, 30: 0.0332}
Partial Empirical Reward Distribution: {1: 0.9681, 30: 0.0319}
Partial Empirical Reward Distribution: {1: 0.96815, 30: 0.03185}
Partial Empirical Reward Distribution: {1: 0.96795, 30: 0.03205}
Partial Empirical Reward Distribution: {1: 0.9677, 30: 0.0323}
Partial Empirical Reward Distribution: {1: 0.96655, 30: 0.03345}
Partial Empirical Reward Distribution: {1: 0.96595, 30: 0.03405}
Partial Empirical Reward Distribution: {1: 0.9647, 30: 0.0353}
Partial Empirical Reward Distribution: {1: 0.96195, 30: 0.03805}
Partial Empirical Reward Distribution: {1: 0.96205, 30: 0.03795}
Partial Empirical Reward Distribution: {1: 0.9611, 30: 0.0389}
Partial Empirical Reward Distribution: {1: 0.96245, 30: 0.03755}
Partial Empirical Reward Distribution: {1: 0.96, 30: 0.04}
Partial Empirical Reward Distribution: {1: 0.95745, 30: 0.04255}
Partial Empirical Reward Distribution: {1: 0.95565, 30: 0.04435}
Partial Empirical Reward Distribution: {1: 0.95225, 30: 0.04775}
Partial Empirical Reward Distribution: {1: 0.94615, 30: 0.05385}
Partial Empirical Reward Distribution: {1: 0.9446, 30: 0.0554}
Partial Empirical Reward Distribution: {1: 0.9381, 30: 0.0619}
Partial Empirical Reward Distribution: {1: 0.932, 30: 0.068}
Agent checkpoint saved at iteration 6000 in 3.
Model checkpoint saved at iteration 6000 in 3.
Partial Empirical Reward Distribution: {1: 0.92585, 30: 0.07415}
Partial Empirical Reward Distribution: {1: 0.9228, 30: 0.0772}
Partial Empirical Reward Distribution: {1: 0.92085, 30: 0.07915}
